 Timestamp: 2012-09-17-14-55-53-00000040D3-linux
 User Info: xuwen, medusa
 *******************************************************************************
                         PM6 CALCULATION RESULTS
 *******************************************************************************
 *                             AMPAC Version 9.2.1
 *                                Presented by:
 *
 *                           Semichem, Inc.
 *                           www.semichem.com
 *
 *                  WARNING: YOUR LICENSE EXPIRES IN 27 DAYS!!
 *
 *  PM6      - THE PM6 HAMILTONIAN TO BE USED
 *  TRUSTE   - MINIMISE ENERGY USING TRUST REGION
 *  XYZ      - CARTESIAN COORDINATE SYSTEM TO BE USED
 *  GEO-OK   - OVERRIDE INTERATOMIC DISTANCE CHECK
 *  T=AUTO   - AUTOMATIC DETERMINATION OF ALLOWED TIME
 *  SINGLET  - IS THE REQUIRED SPIN MULTIPLICITY
 *******************************************************************************
 PM6 RHF SINGLET TRUSTE T=AUTO XYZ GEO-OK
  title
  comment
    ATOM    CHEMICAL   BOND LENGTH    BOND ANGLE    TWIST ANGLE
   NUMBER   SYMBOL     (ANGSTROMS)     (DEGREES)     (DEGREES)
    (I)                   NA:I          NB:NA:I      NC:NB:NA:I     NA    NB    NC
      1     O 
      2     H          0.95588                                       1
      3     H          0.98117        102.28143                      1     2
      4     O          1.87291        162.72974     173.55909        3     1     2
      5     H          0.96623        129.07100     116.82525        4     3     1
      6     H          0.98250        123.53227     -99.60110        4     3     1
      7     O          1.72612        157.63131     168.70968        6     4     3
      8     H          0.97052        102.07695     -75.37596        7     6     4
      9     H          0.95765        147.83381     146.06536        7     6     4
     10     O          2.66663         89.27076     167.38398        3     1     2
     11     H          0.98995         44.22239       5.32417       10     3     1
     12     H          0.99247         53.31744     178.47765       10     3     1
     13     O          3.79349        152.70093      53.08588        8     7     6
     14     H          0.96695        152.48731      86.93971       13     8     7
     15     H          0.96897        100.15053     -55.54825       13     8     7
     16     O          1.71056        178.13882     -19.64045       15    13     8
     17     H          0.99101        102.89139       4.09107       16    15    13
     18     H          0.97191        154.84268     170.77898       16    15    13
     19     O          2.74374        119.22926     -98.52489       10     3     1
     20     H          0.98636          3.51989      96.00417       19    10     3
     21     H          0.95969        105.97082     115.21423       19    10     3
     22     O          1.68846        163.34120     -72.99848        8     7     6
     23     H          0.97370        124.61821      30.33186       22     8     7
     24     H          0.98316        115.99974     155.36768       22     8     7

 CALCULATION TO BE RUN IN CARTESIAN COORDINATES.
   MOLECULAR POINT GROUP            SYMMETRY CRITERIA
            C1                          0.10000000

          SINGLET STATE CALCULATION

        **  REFERENCES TO PARAMETERS  **

 H  (PM6):  J. J. P. Stewart, J. Mol. Model 13 (12): 1173-1213 (Dec 2007).
 O  (PM6):  J. J. P. Stewart, J. Mol. Model 13 (12): 1173-1213 (Dec 2007).

          CARTESIAN COORDINATES
    NO.       ATOM               X         Y         Z
       1 O        0.00000000      0.00000000      0.00000000
       2 H        0.95587656      0.00000000      0.00000000
       3 H       -0.20870896      0.95871819      0.00000000
       4 O       -1.12901607      2.58873176     -0.06237449
       5 H       -1.20915194      3.26930185      0.61880287
       6 H       -1.18917028      3.14754590     -0.86823319
       7 O       -1.74771521      4.42333964     -1.88797722
       8 H       -2.61529585      4.09251057     -2.17038819
       9 H       -1.54340012      5.06642996     -2.56752868
      10 O       -2.74397355      0.37206777     -0.58238710
      11 H       -1.92859630     -0.14468832     -0.36301735
      12 H       -2.36369432      1.27678377     -0.43447942
      13 O       -6.07526143      2.69467978     -1.48825384
      14 H       -7.01701483      2.79382010     -1.29262221
      15 H       -5.84385079      1.91676346     -0.95891905
      16 O       -5.38374954      0.54600325     -0.04495883
      17 H       -4.41510983      0.46617143     -0.23851498
      18 H       -5.50604567     -0.14338004      0.62912896
      19 O       -3.59220023      0.53318654     -3.18673966
      20 H       -3.27835217      0.41594969     -2.25902477
      21 H       -3.82204162     -0.36193568     -3.44544633
      22 O       -3.84442945      3.21839428     -2.92936862
      23 H       -3.76931515      2.28963024     -3.21195527
      24 H       -4.70552390      3.18572761     -2.45603022

 OPTIMIZATION ABORTED - NOTHING TO OPTIMIZE.  DOING 1SCF INSTEAD.

 PM6 RHF SINGLET TRUSTE T=AUTO XYZ GEO-OK
  title
  comment

     1SCF WAS SPECIFIED, SO NO OPTIMIZATION ATTEMPTED
     SCF FIELD WAS ACHIEVED

                              PM6 CALCULATION
                                                            VERSION 9.2.1

                                                       Sep-17-2012

          FINAL HEAT OF FORMATION =    -469.952268 kcal   
                                  =   -1966.280288 kJ   
          ELECTRONIC ENERGY       =  -10214.707885 eV
          CORE-CORE REPULSION     =    7660.548204 eV
          TOTAL ENERGY            =   -2554.159681 eV   
          IONIZATION POTENTIAL    =      11.431098 eV
          HOMO-LUMO GAP           =      13.834367 eV
          MOLECULAR POINT GROUP   = C1    0.100000
          NO. OF FILLED LEVELS    =      32 (OCC = 2)
          MOLECULAR WEIGHT        =     144.122
          SCF CALCULATIONS        =       1
          COMPUTATION TIME        =       0.04     SECONDS

    ATOM    CHEMICAL   BOND LENGTH    BOND ANGLE    TWIST ANGLE
   NUMBER   SYMBOL     (ANGSTROMS)     (DEGREES)     (DEGREES)
    (I)                   NA:I          NB:NA:I      NC:NB:NA:I     NA    NB    NC
      1     O 
      2     H          0.95588                                       1
      3     H          0.98117        102.28143                      1     2
      4     O          1.87291        162.72974     173.55909        3     1     2
      5     H          0.96623        129.07100     116.82525        4     3     1
      6     H          0.98250        123.53227     -99.60110        4     3     1
      7     O          1.72612        157.63131     168.70968        6     4     3
      8     H          0.97052        102.07695     -75.37596        7     6     4
      9     H          0.95765        147.83381     146.06536        7     6     4
     10     O          2.66663         89.27076     167.38398        3     1     2
     11     H          0.98995         44.22239       5.32417       10     3     1
     12     H          0.99247         53.31744     178.47765       10     3     1
     13     O          3.79349        152.70093      53.08588        8     7     6
     14     H          0.96695        152.48731      86.93971       13     8     7
     15     H          0.96897        100.15053     -55.54825       13     8     7
     16     O          1.71056        178.13882     -19.64045       15    13     8
     17     H          0.99101        102.89139       4.09107       16    15    13
     18     H          0.97191        154.84268     170.77898       16    15    13
     19     O          2.74374        119.22926     -98.52489       10     3     1
     20     H          0.98636          3.51989      96.00417       19    10     3
     21     H          0.95969        105.97082     115.21423       19    10     3
     22     O          1.68846        163.34120     -72.99848        8     7     6
     23     H          0.97370        124.61821      30.33186       22     8     7
     24     H          0.98316        115.99974     155.36768       22     8     7

   MOLECULAR POINT GROUP            SYMMETRY CRITERIA
            C1                          0.10000000

          RHF EIGENVALUES
 -31.20224 -30.53941 -30.39795 -30.06422 -30.00516 -29.74572 -29.57068 -28.98996
 -19.39794 -19.18463 -18.92731 -18.77729 -18.43358 -18.27014 -18.00915 -17.61410
 -15.83500 -15.58159 -15.29904 -14.84682 -14.35851 -14.25806 -14.00744 -13.27616
 -12.58784 -12.46213 -12.18799 -12.13770 -12.00955 -11.85580 -11.79573 -11.43110
   2.40327   3.30358   3.61155   3.90715   4.23316   4.57867   4.69990   5.40967
   5.49014   5.70754   5.91563   5.93781   6.07410   6.43380   6.60757   6.92780

          NET ATOMIC CHARGES AND DIPOLE CONTRIBUTIONS
         ATOM NO.   TYPE          CHARGE        ATOM ELECTRON DENSITY
       1 O           -0.6552          6.6552
       2 H            0.3196          0.6804
       3 H            0.3294          0.6706
       4 O           -0.6812          6.6812
       5 H            0.3306          0.6694
       6 H            0.3586          0.6414
       7 O           -0.6928          6.6928
       8 H            0.3535          0.6465
       9 H            0.3291          0.6709
      10 O           -0.6730          6.6730
      11 H            0.3533          0.6467
      12 H            0.3443          0.6557
      13 O           -0.6637          6.6637
      14 H            0.3220          0.6780
      15 H            0.3403          0.6597
      16 O           -0.6701          6.6701
      17 H            0.3408          0.6592
      18 H            0.3235          0.6765
      19 O           -0.6632          6.6632
      20 H            0.3326          0.6674
      21 H            0.3195          0.6805
      22 O           -0.6905          6.6905
      23 H            0.3455          0.6545
      24 H            0.3473          0.6527

 DIPOLE (DEBYE)   X         Y         Z       TOTAL
 POINT-CHG.     0.983    -0.943     2.232     2.615
 HYBRID         0.157    -0.180     0.404     0.470
 SUM            1.140    -1.123     2.636     3.084


          CARTESIAN COORDINATES
    NO.       ATOM               X         Y         Z
       1 O        0.00000000      0.00000000      0.00000000
       2 H        0.95587656      0.00000000      0.00000000
       3 H       -0.20870896      0.95871819      0.00000000
       4 O       -1.12901607      2.58873176     -0.06237449
       5 H       -1.20915194      3.26930185      0.61880287
       6 H       -1.18917028      3.14754590     -0.86823319
       7 O       -1.74771521      4.42333964     -1.88797722
       8 H       -2.61529585      4.09251057     -2.17038819
       9 H       -1.54340012      5.06642996     -2.56752868
      10 O       -2.74397355      0.37206777     -0.58238710
      11 H       -1.92859630     -0.14468832     -0.36301735
      12 H       -2.36369432      1.27678377     -0.43447942
      13 O       -6.07526143      2.69467978     -1.48825384
      14 H       -7.01701483      2.79382010     -1.29262221
      15 H       -5.84385079      1.91676346     -0.95891905
      16 O       -5.38374954      0.54600325     -0.04495883
      17 H       -4.41510983      0.46617143     -0.23851498
      18 H       -5.50604567     -0.14338004      0.62912896
      19 O       -3.59220023      0.53318654     -3.18673966
      20 H       -3.27835217      0.41594969     -2.25902477
      21 H       -3.82204162     -0.36193568     -3.44544633
      22 O       -3.84442945      3.21839428     -2.92936862
      23 H       -3.76931515      2.28963024     -3.21195527
      24 H       -4.70552390      3.18572761     -2.45603022


          ATOMIC ORBITAL ELECTRON POPULATIONS
   1.78306   1.41298   1.45978   1.99942   0.68041   0.67063   1.78319   1.97662
   1.52211   1.39933   0.66939   0.64137   1.76909   1.57395   1.69394   1.65580
   0.64652   0.67092   1.79661   1.52605   1.41823   1.93208   0.64668   0.65575
   1.77561   1.43508   1.64969   1.80337   0.67797   0.65972   1.78560   1.47965
   1.69521   1.70960   0.65924   0.67653   1.78045   1.91612   1.47298   1.49365
   0.66739   0.68053   1.78606   1.57437   1.50344   1.82659   0.65453   0.65273

     ELAPSED WALL CLOCK TIME :      0.14 SECONDS
     FULL COMPUTATION TIME :      0.04 SECONDS
 Process Info: 0.092u 0.024s 0:00.38 28.9%	0+0k 0+0io 0pf+0w
