 Timestamp: 2012-09-17-13-01-06-0000000C4B-linux
 User Info: xuwen, medusa
 *******************************************************************************
                         PM6 CALCULATION RESULTS
 *******************************************************************************
 *                             AMPAC Version 9.2.1
 *                                Presented by:
 *
 *                           Semichem, Inc.
 *                           www.semichem.com
 *
 *                  WARNING: YOUR LICENSE EXPIRES IN 27 DAYS!!
 *
 *  PM6      - THE PM6 HAMILTONIAN TO BE USED
 *  TRUSTE   - MINIMISE ENERGY USING TRUST REGION
 *  XYZ      - CARTESIAN COORDINATE SYSTEM TO BE USED
 *  GEO-OK   - OVERRIDE INTERATOMIC DISTANCE CHECK
 *  T=AUTO   - AUTOMATIC DETERMINATION OF ALLOWED TIME
 *  SINGLET  - IS THE REQUIRED SPIN MULTIPLICITY
 *******************************************************************************
 PM6 RHF SINGLET TRUSTE T=AUTO XYZ GEO-OK
  title
  comment
    ATOM    CHEMICAL   BOND LENGTH    BOND ANGLE    TWIST ANGLE
   NUMBER   SYMBOL     (ANGSTROMS)     (DEGREES)     (DEGREES)
    (I)                   NA:I          NB:NA:I      NC:NB:NA:I     NA    NB    NC
      1     O 
      2     H          0.96276                                       1
      3     H          0.97985        101.93312                      1     2
      4     O          1.78705        164.36112     167.58779        3     1     2
      5     H          0.97112        128.54308     118.92343        4     3     1
      6     H          0.99667        126.21127     -93.72930        4     3     1
      7     O          1.66767        170.26302     156.91880        6     4     3
      8     H          0.99473        101.50655     -64.54204        7     6     4
      9     H          0.96709        156.69363     138.69579        7     6     4
     10     O          2.59529         87.84897     164.58440        3     1     2
     11     H          0.98918         45.86662       3.13305       10     3     1
     12     H          0.98902         52.44389     178.41306       10     3     1
     13     O          3.95122        148.09738      48.79769        8     7     6
     14     H          0.96416        157.69498      86.77632       13     8     7
     15     H          0.98625         98.25668     -63.49956       13     8     7
     16     O          1.71299        178.39798       7.20146       15    13     8
     17     H          0.98478        102.70954     -18.49267       16    15    13
     18     H          0.96441        155.72103     151.59640       16    15    13
     19     O          2.74104        120.35781    -100.30038       10     3     1
     20     H          0.97929          4.06843      95.68670       19    10     3
     21     H          0.96295        105.73792     117.55610       19    10     3
     22     O          1.65072        176.54848     -49.47216        8     7     6
     23     H          0.98770        113.24095      -8.27126       22     8     7
     24     H          0.98952        128.55558     115.33766       22     8     7

 CALCULATION TO BE RUN IN CARTESIAN COORDINATES.
   MOLECULAR POINT GROUP            SYMMETRY CRITERIA
            C1                          0.10000000

          SINGLET STATE CALCULATION

        **  REFERENCES TO PARAMETERS  **

 H  (PM6):  J. J. P. Stewart, J. Mol. Model 13 (12): 1173-1213 (Dec 2007).
 O  (PM6):  J. J. P. Stewart, J. Mol. Model 13 (12): 1173-1213 (Dec 2007).

          CARTESIAN COORDINATES
    NO.       ATOM               X         Y         Z
       1 O        0.00000000      0.00000000      0.00000000
       2 H        0.96275554      0.00000000      0.00000000
       3 H       -0.20260284      0.95867260      0.00000000
       4 O       -1.01874646      2.54509725     -0.10354723
       5 H       -1.11736626      3.22104602      0.58669740
       6 H       -1.07368160      3.12742138     -0.91053472
       7 O       -1.39453628      4.21199581     -2.13603948
       8 H       -2.27186895      3.88167777     -2.46869421
       9 H       -1.19163404      4.86538166     -2.81955057
      10 O       -2.62858527      0.34641067     -0.68938934
      11 H       -1.82324402     -0.18100753     -0.46194429
      12 H       -2.26040045      1.24784987     -0.51614155
      13 O       -5.94721763      2.69790872     -1.63047759
      14 H       -6.89133136      2.77809682     -1.45207400
      15 H       -5.72086284      1.89613664     -1.10263778
      16 O       -5.28155265      0.51619688     -0.18769474
      17 H       -4.31764637      0.43246480     -0.37116258
      18 H       -5.41177803     -0.18899024      0.45715613
      19 O       -3.42067258      0.55782447     -3.30495638
      20 H       -3.12501161      0.41497289     -2.38235919
      21 H       -3.65419060     -0.33494354     -3.58011898
      22 O       -3.68847081      3.24229139     -3.02483110
      23 H       -3.60624494      2.29933468     -3.30700186
      24 H       -4.56238649      3.18556108     -2.56416603

 OPTIMIZATION ABORTED - NOTHING TO OPTIMIZE.  DOING 1SCF INSTEAD.

 PM6 RHF SINGLET TRUSTE T=AUTO XYZ GEO-OK
  title
  comment

     1SCF WAS SPECIFIED, SO NO OPTIMIZATION ATTEMPTED
     SCF FIELD WAS ACHIEVED

                              PM6 CALCULATION
                                                            VERSION 9.2.1

                                                       Sep-17-2012

          FINAL HEAT OF FORMATION =    -468.758186 kcal   
                                  =   -1961.284249 kJ   
          ELECTRONIC ENERGY       =  -10237.725793 eV
          CORE-CORE REPULSION     =    7683.617892 eV
          TOTAL ENERGY            =   -2554.107900 eV   
          IONIZATION POTENTIAL    =      11.452328 eV
          HOMO-LUMO GAP           =      13.814638 eV
          MOLECULAR POINT GROUP   = C1    0.100000
          NO. OF FILLED LEVELS    =      32 (OCC = 2)
          MOLECULAR WEIGHT        =     144.122
          SCF CALCULATIONS        =       1
          COMPUTATION TIME        =       0.03     SECONDS

    ATOM    CHEMICAL   BOND LENGTH    BOND ANGLE    TWIST ANGLE
   NUMBER   SYMBOL     (ANGSTROMS)     (DEGREES)     (DEGREES)
    (I)                   NA:I          NB:NA:I      NC:NB:NA:I     NA    NB    NC
      1     O 
      2     H          0.96276                                       1
      3     H          0.97985        101.93312                      1     2
      4     O          1.78705        164.36112     167.58779        3     1     2
      5     H          0.97112        128.54308     118.92343        4     3     1
      6     H          0.99667        126.21127     -93.72930        4     3     1
      7     O          1.66767        170.26302     156.91880        6     4     3
      8     H          0.99473        101.50655     -64.54204        7     6     4
      9     H          0.96709        156.69363     138.69579        7     6     4
     10     O          2.59529         87.84897     164.58440        3     1     2
     11     H          0.98918         45.86662       3.13305       10     3     1
     12     H          0.98902         52.44389     178.41306       10     3     1
     13     O          3.95122        148.09738      48.79769        8     7     6
     14     H          0.96416        157.69498      86.77632       13     8     7
     15     H          0.98625         98.25668     -63.49956       13     8     7
     16     O          1.71299        178.39798       7.20146       15    13     8
     17     H          0.98478        102.70954     -18.49267       16    15    13
     18     H          0.96441        155.72103     151.59640       16    15    13
     19     O          2.74104        120.35781    -100.30038       10     3     1
     20     H          0.97929          4.06843      95.68670       19    10     3
     21     H          0.96295        105.73792     117.55610       19    10     3
     22     O          1.65072        176.54848     -49.47216        8     7     6
     23     H          0.98770        113.24095      -8.27126       22     8     7
     24     H          0.98952        128.55558     115.33766       22     8     7

   MOLECULAR POINT GROUP            SYMMETRY CRITERIA
            C1                          0.10000000

          RHF EIGENVALUES
 -31.19952 -30.51215 -30.28165 -30.10257 -29.89006 -29.61612 -29.57377 -28.87607
 -19.43187 -19.15686 -18.92038 -18.74516 -18.45588 -18.14026 -17.89278 -17.51486
 -15.84188 -15.63343 -15.35652 -14.92259 -14.37137 -14.19753 -14.05945 -13.32621
 -12.55201 -12.45338 -12.19959 -12.15630 -11.93858 -11.92960 -11.78843 -11.45233
   2.36231   3.23827   3.49895   3.84495   4.28070   4.51235   4.71089   5.38149
   5.48535   5.74576   5.92278   5.99156   6.06995   6.31510   6.48198   6.80915

          NET ATOMIC CHARGES AND DIPOLE CONTRIBUTIONS
         ATOM NO.   TYPE          CHARGE        ATOM ELECTRON DENSITY
       1 O           -0.6616          6.6616
       2 H            0.3221          0.6779
       3 H            0.3315          0.6685
       4 O           -0.6851          6.6851
       5 H            0.3292          0.6708
       6 H            0.3643          0.6357
       7 O           -0.7014          6.7014
       8 H            0.3569          0.6431
       9 H            0.3314          0.6686
      10 O           -0.6793          6.6793
      11 H            0.3563          0.6437
      12 H            0.3438          0.6562
      13 O           -0.6646          6.6646
      14 H            0.3207          0.6793
      15 H            0.3429          0.6571
      16 O           -0.6677          6.6677
      17 H            0.3399          0.6601
      18 H            0.3231          0.6769
      19 O           -0.6613          6.6613
      20 H            0.3313          0.6687
      21 H            0.3207          0.6793
      22 O           -0.6894          6.6894
      23 H            0.3439          0.6561
      24 H            0.3522          0.6478

 DIPOLE (DEBYE)   X         Y         Z       TOTAL
 POINT-CHG.     0.741    -1.081     2.021     2.408
 HYBRID         0.160    -0.199     0.407     0.480
 SUM            0.901    -1.280     2.427     2.888


          CARTESIAN COORDINATES
    NO.       ATOM               X         Y         Z
       1 O        0.00000000      0.00000000      0.00000000
       2 H        0.96275554      0.00000000      0.00000000
       3 H       -0.20260284      0.95867260      0.00000000
       4 O       -1.01874646      2.54509725     -0.10354723
       5 H       -1.11736626      3.22104602      0.58669740
       6 H       -1.07368160      3.12742138     -0.91053472
       7 O       -1.39453628      4.21199581     -2.13603948
       8 H       -2.27186895      3.88167777     -2.46869421
       9 H       -1.19163404      4.86538166     -2.81955057
      10 O       -2.62858527      0.34641067     -0.68938934
      11 H       -1.82324402     -0.18100753     -0.46194429
      12 H       -2.26040045      1.24784987     -0.51614155
      13 O       -5.94721763      2.69790872     -1.63047759
      14 H       -6.89133136      2.77809682     -1.45207400
      15 H       -5.72086284      1.89613664     -1.10263778
      16 O       -5.28155265      0.51619688     -0.18769474
      17 H       -4.31764637      0.43246480     -0.37116258
      18 H       -5.41177803     -0.18899024      0.45715613
      19 O       -3.42067258      0.55782447     -3.30495638
      20 H       -3.12501161      0.41497289     -2.38235919
      21 H       -3.65419060     -0.33494354     -3.58011898
      22 O       -3.68847081      3.24229139     -3.02483110
      23 H       -3.60624494      2.29933468     -3.30700186
      24 H       -4.56238649      3.18556108     -2.56416603


          ATOMIC ORBITAL ELECTRON POPULATIONS
   1.78484   1.41282   1.46535   1.99863   0.67792   0.66850   1.78903   1.97446
   1.51767   1.40392   0.67084   0.63566   1.78176   1.58566   1.69189   1.64204
   0.64310   0.66857   1.79417   1.54160   1.41743   1.92606   0.64370   0.65620
   1.78183   1.42926   1.63986   1.81366   0.67935   0.65707   1.78064   1.47785
   1.67856   1.73062   0.66008   0.67690   1.77980   1.91985   1.47436   1.48728
   0.66865   0.67929   1.79384   1.56473   1.49705   1.83376   0.65611   0.64779

     ELAPSED WALL CLOCK TIME :      0.12 SECONDS
     FULL COMPUTATION TIME :      0.04 SECONDS
 Process Info: 0.068u 0.040s 0:00.32 31.2%	0+0k 0+0io 0pf+0w
