 Timestamp: 2012-09-17-13-09-47-00000016DC-linux
 User Info: xuwen, medusa
 *******************************************************************************
                         PM6 CALCULATION RESULTS
 *******************************************************************************
 *                             AMPAC Version 9.2.1
 *                                Presented by:
 *
 *                           Semichem, Inc.
 *                           www.semichem.com
 *
 *                  WARNING: YOUR LICENSE EXPIRES IN 27 DAYS!!
 *
 *  PM6      - THE PM6 HAMILTONIAN TO BE USED
 *  TRUSTE   - MINIMISE ENERGY USING TRUST REGION
 *  XYZ      - CARTESIAN COORDINATE SYSTEM TO BE USED
 *  GEO-OK   - OVERRIDE INTERATOMIC DISTANCE CHECK
 *  T=AUTO   - AUTOMATIC DETERMINATION OF ALLOWED TIME
 *  SINGLET  - IS THE REQUIRED SPIN MULTIPLICITY
 *******************************************************************************
 PM6 RHF SINGLET TRUSTE T=AUTO XYZ GEO-OK
  title
  comment
    ATOM    CHEMICAL   BOND LENGTH    BOND ANGLE    TWIST ANGLE
   NUMBER   SYMBOL     (ANGSTROMS)     (DEGREES)     (DEGREES)
    (I)                   NA:I          NB:NA:I      NC:NB:NA:I     NA    NB    NC
      1     O 
      2     H          0.96276                                       1
      3     H          0.97985        101.93329                      1     2
      4     O          1.78705        164.36116     167.58805        3     1     2
      5     H          0.97112        128.54301     118.92326        4     3     1
      6     H          0.99667        126.21119     -93.72953        4     3     1
      7     O          1.66767        170.26303     156.91893        6     4     3
      8     H          0.99473        101.50656     -64.54215        7     6     4
      9     H          0.96709        156.69376     138.69553        7     6     4
     10     O          2.59529         87.84903     164.58436        3     1     2
     11     H          0.98918         45.86697       3.13291       10     3     1
     12     H          0.98902         52.44399     178.41308       10     3     1
     13     O          3.95121        148.09745      48.79749        8     7     6
     14     H          0.96416        157.69455      86.77589       13     8     7
     15     H          0.98625         98.25665     -63.49921       13     8     7
     16     O          1.71299        178.39814       7.19366       15    13     8
     17     H          0.98478        102.70948     -18.48497       16    15    13
     18     H          0.96441        155.72106     151.60399       16    15    13
     19     O          2.74104        120.35785    -100.30040       10     3     1
     20     H          0.97929          4.06845      95.68698       19    10     3
     21     H          0.96296        105.73801     117.55607       19    10     3
     22     O          1.65071        176.54847     -49.47350        8     7     6
     23     H          0.98770        113.24122      -8.26999       22     8     7
     24     H          0.98953        128.55563     115.33884       22     8     7

 CALCULATION TO BE RUN IN CARTESIAN COORDINATES.
   MOLECULAR POINT GROUP            SYMMETRY CRITERIA
            C1                          0.10000000

          SINGLET STATE CALCULATION

        **  REFERENCES TO PARAMETERS  **

 H  (PM6):  J. J. P. Stewart, J. Mol. Model 13 (12): 1173-1213 (Dec 2007).
 O  (PM6):  J. J. P. Stewart, J. Mol. Model 13 (12): 1173-1213 (Dec 2007).

          CARTESIAN COORDINATES
    NO.       ATOM               X         Y         Z
       1 O        0.00000000      0.00000000      0.00000000
       2 H        0.96275628      0.00000000      0.00000000
       3 H       -0.20260566      0.95867145      0.00000000
       4 O       -1.01875310      2.54509388     -0.10354474
       5 H       -1.11737276      3.22104186      0.58670179
       6 H       -1.07368981      3.12741791     -0.91053247
       7 O       -1.39454658      4.21199168     -2.13603697
       8 H       -2.27188083      3.88167170     -2.46869226
       9 H       -1.19164813      4.86537780     -2.81954696
      10 O       -2.62858596      0.34640519     -0.68939094
      11 H       -1.82324811     -0.18101545     -0.46194867
      12 H       -2.26040520      1.24784384     -0.51614352
      13 O       -5.94722449      2.69789035     -1.63047910
      14 H       -6.89133629      2.77808261     -1.45207329
      15 H       -5.72086750      1.89612282     -1.10263879
      16 O       -5.28155662      0.51618273     -0.18769772
      17 H       -4.31764978      0.43245245     -0.37116604
      18 H       -5.41178124     -0.18900739      0.45715472
      19 O       -3.42067445      0.55781883     -3.30495882
      20 H       -3.12501295      0.41496670     -2.38236074
      21 H       -3.65419083     -0.33495042     -3.58012388
      22 O       -3.68847645      3.24228576     -3.02482922
      23 H       -3.60625282      2.29932642     -3.30700357
      24 H       -4.56239393      3.18555148     -2.56416407

 OPTIMIZATION ABORTED - NOTHING TO OPTIMIZE.  DOING 1SCF INSTEAD.

 PM6 RHF SINGLET TRUSTE T=AUTO XYZ GEO-OK
  title
  comment

     1SCF WAS SPECIFIED, SO NO OPTIMIZATION ATTEMPTED
     SCF FIELD WAS ACHIEVED

                              PM6 CALCULATION
                                                            VERSION 9.2.1

                                                       Sep-17-2012

          FINAL HEAT OF FORMATION =    -468.758368 kcal   
                                  =   -1961.285011 kJ   
          ELECTRONIC ENERGY       =  -10237.725624 eV
          CORE-CORE REPULSION     =    7683.617715 eV
          TOTAL ENERGY            =   -2554.107908 eV   
          IONIZATION POTENTIAL    =      11.452323 eV
          HOMO-LUMO GAP           =      13.814638 eV
          MOLECULAR POINT GROUP   = C1    0.100000
          NO. OF FILLED LEVELS    =      32 (OCC = 2)
          MOLECULAR WEIGHT        =     144.122
          SCF CALCULATIONS        =       1
          COMPUTATION TIME        =       0.04     SECONDS

    ATOM    CHEMICAL   BOND LENGTH    BOND ANGLE    TWIST ANGLE
   NUMBER   SYMBOL     (ANGSTROMS)     (DEGREES)     (DEGREES)
    (I)                   NA:I          NB:NA:I      NC:NB:NA:I     NA    NB    NC
      1     O 
      2     H          0.96276                                       1
      3     H          0.97985        101.93329                      1     2
      4     O          1.78705        164.36116     167.58805        3     1     2
      5     H          0.97112        128.54301     118.92326        4     3     1
      6     H          0.99667        126.21119     -93.72953        4     3     1
      7     O          1.66767        170.26303     156.91893        6     4     3
      8     H          0.99473        101.50656     -64.54215        7     6     4
      9     H          0.96709        156.69376     138.69553        7     6     4
     10     O          2.59529         87.84903     164.58436        3     1     2
     11     H          0.98918         45.86697       3.13291       10     3     1
     12     H          0.98902         52.44399     178.41308       10     3     1
     13     O          3.95121        148.09745      48.79749        8     7     6
     14     H          0.96416        157.69455      86.77589       13     8     7
     15     H          0.98625         98.25665     -63.49921       13     8     7
     16     O          1.71299        178.39814       7.19366       15    13     8
     17     H          0.98478        102.70948     -18.48497       16    15    13
     18     H          0.96441        155.72106     151.60399       16    15    13
     19     O          2.74104        120.35785    -100.30040       10     3     1
     20     H          0.97929          4.06845      95.68698       19    10     3
     21     H          0.96296        105.73801     117.55607       19    10     3
     22     O          1.65071        176.54847     -49.47350        8     7     6
     23     H          0.98770        113.24122      -8.26999       22     8     7
     24     H          0.98953        128.55563     115.33884       22     8     7

   MOLECULAR POINT GROUP            SYMMETRY CRITERIA
            C1                          0.10000000

          RHF EIGENVALUES
 -31.19951 -30.51213 -30.28163 -30.10255 -29.89006 -29.61612 -29.57377 -28.87604
 -19.43187 -19.15686 -18.92038 -18.74516 -18.45591 -18.14026 -17.89278 -17.51483
 -15.84188 -15.63342 -15.35652 -14.92258 -14.37136 -14.19752 -14.05944 -13.32621
 -12.55200 -12.45339 -12.19958 -12.15630 -11.93857 -11.92960 -11.78845 -11.45232
   2.36232   3.23827   3.49895   3.84493   4.28071   4.51236   4.71088   5.38148
   5.48537   5.74577   5.92278   5.99156   6.06996   6.31511   6.48198   6.80913

          NET ATOMIC CHARGES AND DIPOLE CONTRIBUTIONS
         ATOM NO.   TYPE          CHARGE        ATOM ELECTRON DENSITY
       1 O           -0.6616          6.6616
       2 H            0.3221          0.6779
       3 H            0.3315          0.6685
       4 O           -0.6851          6.6851
       5 H            0.3292          0.6708
       6 H            0.3643          0.6357
       7 O           -0.7014          6.7014
       8 H            0.3569          0.6431
       9 H            0.3314          0.6686
      10 O           -0.6793          6.6793
      11 H            0.3563          0.6437
      12 H            0.3438          0.6562
      13 O           -0.6646          6.6646
      14 H            0.3207          0.6793
      15 H            0.3429          0.6571
      16 O           -0.6677          6.6677
      17 H            0.3399          0.6601
      18 H            0.3231          0.6769
      19 O           -0.6613          6.6613
      20 H            0.3313          0.6687
      21 H            0.3207          0.6793
      22 O           -0.6894          6.6894
      23 H            0.3439          0.6561
      24 H            0.3522          0.6478

 DIPOLE (DEBYE)   X         Y         Z       TOTAL
 POINT-CHG.     0.741    -1.081     2.021     2.408
 HYBRID         0.160    -0.199     0.407     0.480
 SUM            0.901    -1.280     2.427     2.888


          CARTESIAN COORDINATES
    NO.       ATOM               X         Y         Z
       1 O        0.00000000      0.00000000      0.00000000
       2 H        0.96275628      0.00000000      0.00000000
       3 H       -0.20260566      0.95867145      0.00000000
       4 O       -1.01875310      2.54509388     -0.10354474
       5 H       -1.11737276      3.22104186      0.58670179
       6 H       -1.07368981      3.12741791     -0.91053247
       7 O       -1.39454658      4.21199168     -2.13603697
       8 H       -2.27188083      3.88167170     -2.46869226
       9 H       -1.19164813      4.86537780     -2.81954696
      10 O       -2.62858596      0.34640519     -0.68939094
      11 H       -1.82324811     -0.18101545     -0.46194867
      12 H       -2.26040520      1.24784384     -0.51614352
      13 O       -5.94722449      2.69789035     -1.63047910
      14 H       -6.89133629      2.77808261     -1.45207329
      15 H       -5.72086750      1.89612282     -1.10263879
      16 O       -5.28155662      0.51618273     -0.18769772
      17 H       -4.31764978      0.43245245     -0.37116604
      18 H       -5.41178124     -0.18900739      0.45715472
      19 O       -3.42067445      0.55781883     -3.30495882
      20 H       -3.12501295      0.41496670     -2.38236074
      21 H       -3.65419083     -0.33495042     -3.58012388
      22 O       -3.68847645      3.24228576     -3.02482922
      23 H       -3.60625282      2.29932642     -3.30700357
      24 H       -4.56239393      3.18555148     -2.56416407


          ATOMIC ORBITAL ELECTRON POPULATIONS
   1.78484   1.41282   1.46535   1.99863   0.67792   0.66850   1.78903   1.97446
   1.51767   1.40392   0.67084   0.63566   1.78176   1.58566   1.69189   1.64204
   0.64310   0.66857   1.79417   1.54160   1.41743   1.92606   0.64370   0.65620
   1.78182   1.42926   1.63986   1.81365   0.67935   0.65707   1.78064   1.47785
   1.67856   1.73062   0.66008   0.67690   1.77980   1.91985   1.47436   1.48728
   0.66865   0.67929   1.79384   1.56473   1.49705   1.83376   0.65611   0.64779

     ELAPSED WALL CLOCK TIME :      0.15 SECONDS
     FULL COMPUTATION TIME :      0.04 SECONDS
 Process Info: 0.096u 0.036s 0:00.52 23.0%	0+0k 0+0io 0pf+0w
