 Timestamp: 2012-09-17-13-03-18-0000000EDE-linux
 User Info: xuwen, medusa
 *******************************************************************************
                         PM6 CALCULATION RESULTS
 *******************************************************************************
 *                             AMPAC Version 9.2.1
 *                                Presented by:
 *
 *                           Semichem, Inc.
 *                           www.semichem.com
 *
 *                  WARNING: YOUR LICENSE EXPIRES IN 27 DAYS!!
 *
 *  PM6      - THE PM6 HAMILTONIAN TO BE USED
 *  TRUSTE   - MINIMISE ENERGY USING TRUST REGION
 *  XYZ      - CARTESIAN COORDINATE SYSTEM TO BE USED
 *  GEO-OK   - OVERRIDE INTERATOMIC DISTANCE CHECK
 *  T=AUTO   - AUTOMATIC DETERMINATION OF ALLOWED TIME
 *  SINGLET  - IS THE REQUIRED SPIN MULTIPLICITY
 *******************************************************************************
 PM6 RHF SINGLET TRUSTE T=AUTO XYZ GEO-OK
  title
  comment
    ATOM    CHEMICAL   BOND LENGTH    BOND ANGLE    TWIST ANGLE
   NUMBER   SYMBOL     (ANGSTROMS)     (DEGREES)     (DEGREES)
    (I)                   NA:I          NB:NA:I      NC:NB:NA:I     NA    NB    NC
      1     O 
      2     H          0.96275                                       1
      3     H          0.97985        101.93338                      1     2
      4     O          1.78705        164.36119     167.58779        3     1     2
      5     H          0.97112        128.54308     118.92355        4     3     1
      6     H          0.99667        126.21121     -93.72929        4     3     1
      7     O          1.66767        170.26301     156.91919        6     4     3
      8     H          0.99473        101.50657     -64.54251        7     6     4
      9     H          0.96710        156.69347     138.69464        7     6     4
     10     O          2.59529         87.84908     164.58430        3     1     2
     11     H          0.98918         45.86659       3.13304       10     3     1
     12     H          0.98902         52.44392     178.41303       10     3     1
     13     O          3.95121        148.09734      48.79775        8     7     6
     14     H          0.96416        157.69502      86.77634       13     8     7
     15     H          0.98625         98.25666     -63.49964       13     8     7
     16     O          1.71299        178.39798       7.20152       15    13     8
     17     H          0.98478        102.70954     -18.49267       16    15    13
     18     H          0.96441        155.72103     151.59640       16    15    13
     19     O          2.74104        120.35780    -100.30038       10     3     1
     20     H          0.97929          4.06843      95.68666       19    10     3
     21     H          0.96295        105.73793     117.55607       19    10     3
     22     O          1.65071        176.54855     -49.47194        8     7     6
     23     H          0.98770        113.24084      -8.27150       22     8     7
     24     H          0.98952        128.55558     115.33741       22     8     7

 CALCULATION TO BE RUN IN CARTESIAN COORDINATES.
   MOLECULAR POINT GROUP            SYMMETRY CRITERIA
            C1                          0.10000000

          SINGLET STATE CALCULATION

        **  REFERENCES TO PARAMETERS  **

 H  (PM6):  J. J. P. Stewart, J. Mol. Model 13 (12): 1173-1213 (Dec 2007).
 O  (PM6):  J. J. P. Stewart, J. Mol. Model 13 (12): 1173-1213 (Dec 2007).

          CARTESIAN COORDINATES
    NO.       ATOM               X         Y         Z
       1 O        0.00000000      0.00000000      0.00000000
       2 H        0.96275376      0.00000000      0.00000000
       3 H       -0.20260694      0.95867031      0.00000000
       4 O       -1.01875570      2.54509235     -0.10354671
       5 H       -1.11737665      3.22104402      0.58670050
       6 H       -1.07369236      3.12741562     -0.91053440
       7 O       -1.39454912      4.21198960     -2.13603882
       8 H       -2.27188014      3.88166901     -2.46869536
       9 H       -1.19164573      4.86538094     -2.81954686
      10 O       -2.62858531      0.34640267     -0.68939322
      11 H       -1.82324266     -0.18101309     -0.46194746
      12 H       -2.26040378      1.24784291     -0.51614378
      13 O       -5.94722400      2.69789073     -1.63048414
      14 H       -6.89133829      2.77807546     -1.45208199
      15 H       -5.72086739      1.89611878     -1.10264489
      16 O       -5.28155407      0.51617943     -0.18770273
      17 H       -4.31764722      0.43245079     -0.37116910
      18 H       -5.41177814     -0.18900887      0.45714711
      19 O       -3.42066906      0.55781687     -3.30496130
      20 H       -3.12500912      0.41496521     -2.38236379
      21 H       -3.65418410     -0.33495241     -3.58012571
      22 O       -3.68847718      3.24228176     -3.02483373
      23 H       -3.60624725      2.29932645     -3.30700505
      24 H       -4.56239297      3.18554880     -2.56416975

 OPTIMIZATION ABORTED - NOTHING TO OPTIMIZE.  DOING 1SCF INSTEAD.

 PM6 RHF SINGLET TRUSTE T=AUTO XYZ GEO-OK
  title
  comment

     1SCF WAS SPECIFIED, SO NO OPTIMIZATION ATTEMPTED
     SCF FIELD WAS ACHIEVED

                              PM6 CALCULATION
                                                            VERSION 9.2.1

                                                       Sep-17-2012

          FINAL HEAT OF FORMATION =    -468.758287 kcal   
                                  =   -1961.284671 kJ   
          ELECTRONIC ENERGY       =  -10237.727033 eV
          CORE-CORE REPULSION     =    7683.619128 eV
          TOTAL ENERGY            =   -2554.107905 eV   
          IONIZATION POTENTIAL    =      11.452332 eV
          HOMO-LUMO GAP           =      13.814640 eV
          MOLECULAR POINT GROUP   = C1    0.100000
          NO. OF FILLED LEVELS    =      32 (OCC = 2)
          MOLECULAR WEIGHT        =     144.122
          SCF CALCULATIONS        =       1
          COMPUTATION TIME        =       0.04     SECONDS

    ATOM    CHEMICAL   BOND LENGTH    BOND ANGLE    TWIST ANGLE
   NUMBER   SYMBOL     (ANGSTROMS)     (DEGREES)     (DEGREES)
    (I)                   NA:I          NB:NA:I      NC:NB:NA:I     NA    NB    NC
      1     O 
      2     H          0.96275                                       1
      3     H          0.97985        101.93338                      1     2
      4     O          1.78705        164.36119     167.58779        3     1     2
      5     H          0.97112        128.54308     118.92355        4     3     1
      6     H          0.99667        126.21121     -93.72929        4     3     1
      7     O          1.66767        170.26301     156.91919        6     4     3
      8     H          0.99473        101.50657     -64.54251        7     6     4
      9     H          0.96710        156.69347     138.69464        7     6     4
     10     O          2.59529         87.84908     164.58430        3     1     2
     11     H          0.98918         45.86659       3.13304       10     3     1
     12     H          0.98902         52.44392     178.41303       10     3     1
     13     O          3.95121        148.09734      48.79775        8     7     6
     14     H          0.96416        157.69502      86.77634       13     8     7
     15     H          0.98625         98.25666     -63.49964       13     8     7
     16     O          1.71299        178.39798       7.20152       15    13     8
     17     H          0.98478        102.70954     -18.49267       16    15    13
     18     H          0.96441        155.72103     151.59640       16    15    13
     19     O          2.74104        120.35780    -100.30038       10     3     1
     20     H          0.97929          4.06843      95.68666       19    10     3
     21     H          0.96295        105.73793     117.55607       19    10     3
     22     O          1.65071        176.54855     -49.47194        8     7     6
     23     H          0.98770        113.24084      -8.27150       22     8     7
     24     H          0.98952        128.55558     115.33741       22     8     7

   MOLECULAR POINT GROUP            SYMMETRY CRITERIA
            C1                          0.10000000

          RHF EIGENVALUES
 -31.19951 -30.51214 -30.28164 -30.10256 -29.89006 -29.61610 -29.57377 -28.87607
 -19.43187 -19.15685 -18.92040 -18.74516 -18.45587 -18.14026 -17.89277 -17.51486
 -15.84188 -15.63343 -15.35651 -14.92258 -14.37136 -14.19753 -14.05944 -13.32621
 -12.55200 -12.45338 -12.19958 -12.15631 -11.93857 -11.92960 -11.78843 -11.45233
   2.36231   3.23827   3.49895   3.84495   4.28071   4.51234   4.71089   5.38149
   5.48535   5.74577   5.92279   5.99156   6.06995   6.31510   6.48199   6.80915

          NET ATOMIC CHARGES AND DIPOLE CONTRIBUTIONS
         ATOM NO.   TYPE          CHARGE        ATOM ELECTRON DENSITY
       1 O           -0.6616          6.6616
       2 H            0.3221          0.6779
       3 H            0.3315          0.6685
       4 O           -0.6851          6.6851
       5 H            0.3292          0.6708
       6 H            0.3643          0.6357
       7 O           -0.7014          6.7014
       8 H            0.3569          0.6431
       9 H            0.3314          0.6686
      10 O           -0.6793          6.6793
      11 H            0.3563          0.6437
      12 H            0.3438          0.6562
      13 O           -0.6646          6.6646
      14 H            0.3207          0.6793
      15 H            0.3429          0.6571
      16 O           -0.6677          6.6677
      17 H            0.3399          0.6601
      18 H            0.3231          0.6769
      19 O           -0.6613          6.6613
      20 H            0.3313          0.6687
      21 H            0.3207          0.6793
      22 O           -0.6894          6.6894
      23 H            0.3439          0.6561
      24 H            0.3522          0.6478

 DIPOLE (DEBYE)   X         Y         Z       TOTAL
 POINT-CHG.     0.741    -1.081     2.021     2.408
 HYBRID         0.160    -0.199     0.407     0.480
 SUM            0.901    -1.280     2.427     2.888


          CARTESIAN COORDINATES
    NO.       ATOM               X         Y         Z
       1 O        0.00000000      0.00000000      0.00000000
       2 H        0.96275376      0.00000000      0.00000000
       3 H       -0.20260694      0.95867031      0.00000000
       4 O       -1.01875570      2.54509235     -0.10354671
       5 H       -1.11737665      3.22104402      0.58670050
       6 H       -1.07369236      3.12741562     -0.91053440
       7 O       -1.39454912      4.21198960     -2.13603882
       8 H       -2.27188014      3.88166901     -2.46869536
       9 H       -1.19164573      4.86538094     -2.81954686
      10 O       -2.62858531      0.34640267     -0.68939322
      11 H       -1.82324266     -0.18101309     -0.46194746
      12 H       -2.26040378      1.24784291     -0.51614378
      13 O       -5.94722400      2.69789073     -1.63048414
      14 H       -6.89133829      2.77807546     -1.45208199
      15 H       -5.72086739      1.89611878     -1.10264489
      16 O       -5.28155407      0.51617943     -0.18770273
      17 H       -4.31764722      0.43245079     -0.37116910
      18 H       -5.41177814     -0.18900887      0.45714711
      19 O       -3.42066906      0.55781687     -3.30496130
      20 H       -3.12500912      0.41496521     -2.38236379
      21 H       -3.65418410     -0.33495241     -3.58012571
      22 O       -3.68847718      3.24228176     -3.02483373
      23 H       -3.60624725      2.29932645     -3.30700505
      24 H       -4.56239297      3.18554880     -2.56416975


          ATOMIC ORBITAL ELECTRON POPULATIONS
   1.78484   1.41282   1.46535   1.99863   0.67792   0.66850   1.78903   1.97446
   1.51767   1.40392   0.67084   0.63566   1.78176   1.58566   1.69189   1.64204
   0.64310   0.66857   1.79417   1.54160   1.41743   1.92606   0.64370   0.65620
   1.78183   1.42926   1.63986   1.81366   0.67935   0.65707   1.78064   1.47785
   1.67856   1.73062   0.66008   0.67690   1.77980   1.91985   1.47436   1.48727
   0.66865   0.67929   1.79384   1.56473   1.49705   1.83376   0.65611   0.64779

     ELAPSED WALL CLOCK TIME :      0.12 SECONDS
     FULL COMPUTATION TIME :      0.05 SECONDS
 Process Info: 0.104u 0.012s 0:00.30 36.6%	0+0k 0+0io 0pf+0w
