 Timestamp: 2012-09-17-14-46-52-000000326F-linux
 User Info: xuwen, medusa
 *******************************************************************************
                         PM6 CALCULATION RESULTS
 *******************************************************************************
 *                             AMPAC Version 9.2.1
 *                                Presented by:
 *
 *                           Semichem, Inc.
 *                           www.semichem.com
 *
 *                  WARNING: YOUR LICENSE EXPIRES IN 27 DAYS!!
 *
 *  PM6      - THE PM6 HAMILTONIAN TO BE USED
 *  TRUSTE   - MINIMISE ENERGY USING TRUST REGION
 *  XYZ      - CARTESIAN COORDINATE SYSTEM TO BE USED
 *  GEO-OK   - OVERRIDE INTERATOMIC DISTANCE CHECK
 *  T=AUTO   - AUTOMATIC DETERMINATION OF ALLOWED TIME
 *  SINGLET  - IS THE REQUIRED SPIN MULTIPLICITY
 *******************************************************************************
 PM6 RHF SINGLET TRUSTE T=AUTO XYZ GEO-OK
  title
  comment
    ATOM    CHEMICAL   BOND LENGTH    BOND ANGLE    TWIST ANGLE
   NUMBER   SYMBOL     (ANGSTROMS)     (DEGREES)     (DEGREES)
    (I)                   NA:I          NB:NA:I      NC:NB:NA:I     NA    NB    NC
      1     O 
      2     H          0.95289                                       1
      3     H          0.98117        102.27662                      1     2
      4     O          1.87291        162.72974     172.97274        3     1     2
      5     H          0.96623        129.07100     116.82525        4     3     1
      6     H          0.99056        123.35323     -99.24924        4     3     1
      7     O          1.71948        157.34355     169.77376        6     4     3
      8     H          0.97601        102.26806     -77.07830        7     6     4
      9     H          0.95765        147.80035     145.17126        7     6     4
     10     O          2.66663         89.27076     166.79763        3     1     2
     11     H          0.98534         44.35967       4.61350       10     3     1
     12     H          0.99247         53.31744     178.47765       10     3     1
     13     O          3.79248        152.06151      53.26105        8     7     6
     14     H          0.96695        152.48293      87.35041       13     8     7
     15     H          0.96897        100.24516     -55.44692       13     8     7
     16     O          1.71056        178.13882     -19.52184       15    13     8
     17     H          0.99101        102.89139       4.09107       16    15    13
     18     H          0.97191        154.84268     170.77898       16    15    13
     19     O          2.74374        119.22926     -98.52489       10     3     1
     20     H          0.98636          3.51989      96.00417       19    10     3
     21     H          0.95969        105.97082     115.21423       19    10     3
     22     O          1.68202        163.66421     -70.39307        8     7     6
     23     H          0.97370        124.66759      27.81281       22     8     7
     24     H          0.98316        116.18009     153.11693       22     8     7

 CALCULATION TO BE RUN IN CARTESIAN COORDINATES.
   MOLECULAR POINT GROUP            SYMMETRY CRITERIA
            C1                          0.10000000

          SINGLET STATE CALCULATION

        **  REFERENCES TO PARAMETERS  **

 H  (PM6):  J. J. P. Stewart, J. Mol. Model 13 (12): 1173-1213 (Dec 2007).
 O  (PM6):  J. J. P. Stewart, J. Mol. Model 13 (12): 1173-1213 (Dec 2007).

          CARTESIAN COORDINATES
    NO.       ATOM               X         Y         Z
       1 O        0.00000000      0.00000000      0.00000000
       2 H        0.95289034      0.00000000      0.00000000
       3 H       -0.20862841      0.95873572      0.00000000
       4 O       -1.12814660      2.58896848     -0.06802544
       5 H       -1.21504013      3.26806234      0.61379642
       6 H       -1.18313719      3.14963122     -0.88278511
       7 O       -1.72842554      4.42760317     -1.89572554
       8 H       -2.59610146      4.09756243     -2.19707519
       9 H       -1.51727847      5.07215126     -2.57179853
      10 O       -2.73798557      0.37359452     -0.60898453
      11 H       -1.92781889     -0.14362435     -0.39215604
      12 H       -2.35913820      1.27795044     -0.45531267
      13 O       -6.05987883      2.69848826     -1.54305854
      14 H       -7.00353411      2.79729202     -1.35663823
      15 H       -5.83382974      1.91940001     -1.01313089
      16 O       -5.38299087      0.54661065     -0.09760172
      17 H       -4.41246996      0.46710828     -0.28163578
      18 H       -5.51207183     -0.14422619      0.57372724
      19 O       -3.56011585      0.54046039     -3.22133167
      20 H       -3.25556874      0.42117536     -2.29078229
      21 H       -3.78742427     -0.35407496     -3.48427156
      22 O       -3.81470968      3.22512565     -2.96065105
      23 H       -3.73684132      2.29697160     -3.24449355
      24 H       -4.68049660      3.19151081     -2.49601889

 OPTIMIZATION ABORTED - NOTHING TO OPTIMIZE.  DOING 1SCF INSTEAD.

 PM6 RHF SINGLET TRUSTE T=AUTO XYZ GEO-OK
  title
  comment

     1SCF WAS SPECIFIED, SO NO OPTIMIZATION ATTEMPTED
     SCF FIELD WAS ACHIEVED

                              PM6 CALCULATION
                                                            VERSION 9.2.1

                                                       Sep-17-2012

          FINAL HEAT OF FORMATION =    -470.172004 kcal   
                                  =   -1967.199666 kJ   
          ELECTRONIC ENERGY       =  -10214.896749 eV
          CORE-CORE REPULSION     =    7660.727540 eV
          TOTAL ENERGY            =   -2554.169209 eV   
          IONIZATION POTENTIAL    =      11.451493 eV
          HOMO-LUMO GAP           =      13.858262 eV
          MOLECULAR POINT GROUP   = C1    0.100000
          NO. OF FILLED LEVELS    =      32 (OCC = 2)
          MOLECULAR WEIGHT        =     144.122
          SCF CALCULATIONS        =       1
          COMPUTATION TIME        =       0.04     SECONDS

    ATOM    CHEMICAL   BOND LENGTH    BOND ANGLE    TWIST ANGLE
   NUMBER   SYMBOL     (ANGSTROMS)     (DEGREES)     (DEGREES)
    (I)                   NA:I          NB:NA:I      NC:NB:NA:I     NA    NB    NC
      1     O 
      2     H          0.95289                                       1
      3     H          0.98117        102.27662                      1     2
      4     O          1.87291        162.72974     172.97274        3     1     2
      5     H          0.96623        129.07100     116.82525        4     3     1
      6     H          0.99056        123.35323     -99.24924        4     3     1
      7     O          1.71948        157.34355     169.77376        6     4     3
      8     H          0.97601        102.26806     -77.07830        7     6     4
      9     H          0.95765        147.80035     145.17126        7     6     4
     10     O          2.66663         89.27076     166.79763        3     1     2
     11     H          0.98534         44.35967       4.61350       10     3     1
     12     H          0.99247         53.31744     178.47765       10     3     1
     13     O          3.79248        152.06151      53.26105        8     7     6
     14     H          0.96695        152.48293      87.35041       13     8     7
     15     H          0.96897        100.24516     -55.44692       13     8     7
     16     O          1.71056        178.13882     -19.52184       15    13     8
     17     H          0.99101        102.89139       4.09107       16    15    13
     18     H          0.97191        154.84268     170.77898       16    15    13
     19     O          2.74374        119.22926     -98.52489       10     3     1
     20     H          0.98636          3.51989      96.00417       19    10     3
     21     H          0.95969        105.97082     115.21423       19    10     3
     22     O          1.68202        163.66421     -70.39307        8     7     6
     23     H          0.97370        124.66759      27.81281       22     8     7
     24     H          0.98316        116.18009     153.11693       22     8     7

   MOLECULAR POINT GROUP            SYMMETRY CRITERIA
            C1                          0.10000000

          RHF EIGENVALUES
 -31.19576 -30.49776 -30.39768 -30.08040 -29.98849 -29.73119 -29.58482 -29.00145
 -19.40533 -19.15848 -18.92973 -18.78578 -18.44360 -18.24969 -18.01207 -17.62883
 -15.83712 -15.58261 -15.30168 -14.84730 -14.36905 -14.25362 -14.01292 -13.28675
 -12.56329 -12.47400 -12.18561 -12.14011 -12.00494 -11.86639 -11.80205 -11.45149
   2.40677   3.29495   3.59960   3.89971   4.24513   4.58355   4.69847   5.42173
   5.46999   5.72202   5.92085   5.92675   6.06544   6.42893   6.57815   6.91079

          NET ATOMIC CHARGES AND DIPOLE CONTRIBUTIONS
         ATOM NO.   TYPE          CHARGE        ATOM ELECTRON DENSITY
       1 O           -0.6549          6.6549
       2 H            0.3189          0.6811
       3 H            0.3297          0.6703
       4 O           -0.6844          6.6844
       5 H            0.3306          0.6694
       6 H            0.3609          0.6391
       7 O           -0.6933          6.6933
       8 H            0.3545          0.6455
       9 H            0.3285          0.6715
      10 O           -0.6726          6.6726
      11 H            0.3524          0.6476
      12 H            0.3449          0.6551
      13 O           -0.6639          6.6639
      14 H            0.3221          0.6779
      15 H            0.3404          0.6596
      16 O           -0.6701          6.6701
      17 H            0.3408          0.6592
      18 H            0.3236          0.6764
      19 O           -0.6634          6.6634
      20 H            0.3326          0.6674
      21 H            0.3196          0.6804
      22 O           -0.6901          6.6901
      23 H            0.3457          0.6543
      24 H            0.3477          0.6523

 DIPOLE (DEBYE)   X         Y         Z       TOTAL
 POINT-CHG.     0.912    -0.937     2.155     2.521
 HYBRID         0.160    -0.184     0.402     0.470
 SUM            1.072    -1.121     2.557     2.991


          CARTESIAN COORDINATES
    NO.       ATOM               X         Y         Z
       1 O        0.00000000      0.00000000      0.00000000
       2 H        0.95289034      0.00000000      0.00000000
       3 H       -0.20862841      0.95873572      0.00000000
       4 O       -1.12814660      2.58896848     -0.06802544
       5 H       -1.21504013      3.26806234      0.61379642
       6 H       -1.18313719      3.14963122     -0.88278511
       7 O       -1.72842554      4.42760317     -1.89572554
       8 H       -2.59610146      4.09756243     -2.19707519
       9 H       -1.51727847      5.07215126     -2.57179853
      10 O       -2.73798557      0.37359452     -0.60898453
      11 H       -1.92781889     -0.14362435     -0.39215604
      12 H       -2.35913820      1.27795044     -0.45531267
      13 O       -6.05987883      2.69848826     -1.54305854
      14 H       -7.00353411      2.79729202     -1.35663823
      15 H       -5.83382974      1.91940001     -1.01313089
      16 O       -5.38299087      0.54661065     -0.09760172
      17 H       -4.41246996      0.46710828     -0.28163578
      18 H       -5.51207183     -0.14422619      0.57372724
      19 O       -3.56011585      0.54046039     -3.22133167
      20 H       -3.25556874      0.42117536     -2.29078229
      21 H       -3.78742427     -0.35407496     -3.48427156
      22 O       -3.81470968      3.22512565     -2.96065105
      23 H       -3.73684132      2.29697160     -3.24449355
      24 H       -4.68049660      3.19151081     -2.49601889


          ATOMIC ORBITAL ELECTRON POPULATIONS
   1.78190   1.41342   1.46028   1.99935   0.68114   0.67031   1.78550   1.97619
   1.52288   1.39982   0.66938   0.63915   1.77170   1.57657   1.69238   1.65264
   0.64553   0.67149   1.79462   1.52841   1.41805   1.93150   0.64763   0.65513
   1.77556   1.43395   1.64872   1.80565   0.67786   0.65965   1.78559   1.47710
   1.69406   1.71332   0.65923   0.67644   1.78042   1.91985   1.47333   1.48979
   0.66743   0.68040   1.78561   1.56997   1.50422   1.83027   0.65427   0.65234

     ELAPSED WALL CLOCK TIME :      0.14 SECONDS
     FULL COMPUTATION TIME :      0.04 SECONDS
 Process Info: 0.088u 0.032s 0:00.42 26.1%	0+0k 0+0io 0pf+0w
