 Timestamp: 2012-09-17-13-53-59-00000053C5-linux
 User Info: xuwen, medusa
 *******************************************************************************
                         PM6 CALCULATION RESULTS
 *******************************************************************************
 *                             AMPAC Version 9.2.1
 *                                Presented by:
 *
 *                           Semichem, Inc.
 *                           www.semichem.com
 *
 *                  WARNING: YOUR LICENSE EXPIRES IN 27 DAYS!!
 *
 *  PM6      - THE PM6 HAMILTONIAN TO BE USED
 *  TRUSTE   - MINIMISE ENERGY USING TRUST REGION
 *  XYZ      - CARTESIAN COORDINATE SYSTEM TO BE USED
 *  GEO-OK   - OVERRIDE INTERATOMIC DISTANCE CHECK
 *  T=AUTO   - AUTOMATIC DETERMINATION OF ALLOWED TIME
 *  SINGLET  - IS THE REQUIRED SPIN MULTIPLICITY
 *******************************************************************************
 PM6 RHF SINGLET TRUSTE T=AUTO XYZ GEO-OK
  title
  comment
    ATOM    CHEMICAL   BOND LENGTH    BOND ANGLE    TWIST ANGLE
   NUMBER   SYMBOL     (ANGSTROMS)     (DEGREES)     (DEGREES)
    (I)                   NA:I          NB:NA:I      NC:NB:NA:I     NA    NB    NC
      1     O 
      2     H          0.96280                                       1
      3     H          0.97972        101.93056                      1     2
      4     O          1.86053        156.45268    -179.23375        3     1     2
      5     H          0.97112        129.02268     113.72936        4     3     1
      6     H          0.99666        120.22451    -110.60062        4     3     1
      7     O          1.66771        170.26434     165.05066        6     4     3
      8     H          0.99472        101.49708     -64.61243        7     6     4
      9     H          0.96708        156.69737     138.62826        7     6     4
     10     O          2.78731         72.04661     -13.36288        4     3     1
     11     H          0.98928         84.37547       8.76276       10     4     3
     12     H          0.98901         13.88266    -176.60421       10     4     3
     13     O          3.95131        148.09971      48.81137        8     7     6
     14     H          0.96407        157.69550      86.76366       13     8     7
     15     H          0.98627         98.24537     -63.51130       13     8     7
     16     O          1.71300        178.40952       7.28171       15    13     8
     17     H          0.98483        102.70727     -18.57721       16    15    13
     18     H          0.96440        155.73196     151.54336       16    15    13
     19     O          2.74099        107.85567    -110.69155       10     4     3
     20     H          0.97926          4.06998     135.90014       19    10     4
     21     H          0.96297        105.73798     157.80370       19    10     4
     22     O          1.65075        176.55721     -49.54386        8     7     6
     23     H          0.98765        113.23596      -8.19666       22     8     7
     24     H          0.98956        128.55279     115.40800       22     8     7

 CALCULATION TO BE RUN IN CARTESIAN COORDINATES.
   MOLECULAR POINT GROUP            SYMMETRY CRITERIA
            C1                          0.10000000

          SINGLET STATE CALCULATION

        **  REFERENCES TO PARAMETERS  **

 H  (PM6):  J. J. P. Stewart, J. Mol. Model 13 (12): 1173-1213 (Dec 2007).
 O  (PM6):  J. J. P. Stewart, J. Mol. Model 13 (12): 1173-1213 (Dec 2007).

          CARTESIAN COORDINATES
    NO.       ATOM               X         Y         Z
       1 O        0.00000000      0.00000000      0.00000000
       2 H        0.96279730      0.00000000      0.00000000
       3 H       -0.20253289      0.95855329      0.00000000
       4 O       -1.28229801      2.47367016      0.00994026
       5 H       -1.38089928      3.14971107      0.70009687
       6 H       -1.33728836      3.05586006     -0.79712570
       7 O       -1.65801178      4.14048792     -2.02267961
       8 H       -2.53534988      3.81011776     -2.35526185
       9 H       -1.45509110      4.79383664     -2.70619605
      10 O       -2.89232107      0.27507058     -0.57579683
      11 H       -2.08691620     -0.25241206     -0.34829642
      12 H       -2.52410995      1.17648651     -0.40254572
      13 O       -6.21089551      2.62672047     -1.51693900
      14 H       -7.15490993      2.70699209     -1.33855680
      15 H       -5.98441965      1.82498994     -0.98904377
      16 O       -5.54524665      0.44509339     -0.07395647
      17 H       -4.58131561      0.36123838     -0.25749404
      18 H       -5.67544184     -0.26018610      0.57078756
      19 O       -3.68445541      0.48646722     -3.19129833
      20 H       -3.38873703      0.34360738     -2.26874674
      21 H       -3.91798926     -0.40631772     -3.46645551
      22 O       -3.95205678      3.17088201     -2.91139354
      23 H       -3.86987417      2.22794985     -3.19348333
      24 H       -4.82597922      3.11425851     -2.45065995

 OPTIMIZATION ABORTED - NOTHING TO OPTIMIZE.  DOING 1SCF INSTEAD.

 PM6 RHF SINGLET TRUSTE T=AUTO XYZ GEO-OK
  title
  comment

     1SCF WAS SPECIFIED, SO NO OPTIMIZATION ATTEMPTED
     SCF FIELD WAS ACHIEVED

                              PM6 CALCULATION
                                                            VERSION 9.2.1

                                                       Sep-17-2012

          FINAL HEAT OF FORMATION =    -468.975226 kcal   
                                  =   -1962.192344 kJ   
          ELECTRONIC ENERGY       =  -10194.723396 eV
          CORE-CORE REPULSION     =    7640.606084 eV
          TOTAL ENERGY            =   -2554.117312 eV   
          IONIZATION POTENTIAL    =      11.448704 eV
          HOMO-LUMO GAP           =      13.897277 eV
          MOLECULAR POINT GROUP   = C1    0.100000
          NO. OF FILLED LEVELS    =      32 (OCC = 2)
          MOLECULAR WEIGHT        =     144.122
          SCF CALCULATIONS        =       1
          COMPUTATION TIME        =       0.04     SECONDS

    ATOM    CHEMICAL   BOND LENGTH    BOND ANGLE    TWIST ANGLE
   NUMBER   SYMBOL     (ANGSTROMS)     (DEGREES)     (DEGREES)
    (I)                   NA:I          NB:NA:I      NC:NB:NA:I     NA    NB    NC
      1     O 
      2     H          0.96280                                       1
      3     H          0.97972        101.93056                      1     2
      4     O          1.86053        156.45268    -179.23375        3     1     2
      5     H          0.97112        129.02268     113.72936        4     3     1
      6     H          0.99666        120.22451    -110.60062        4     3     1
      7     O          1.66771        170.26434     165.05066        6     4     3
      8     H          0.99472        101.49708     -64.61243        7     6     4
      9     H          0.96708        156.69737     138.62826        7     6     4
     10     O          2.78731         72.04661     -13.36288        4     3     1
     11     H          0.98928         84.37547       8.76276       10     4     3
     12     H          0.98901         13.88266    -176.60421       10     4     3
     13     O          3.95131        148.09971      48.81137        8     7     6
     14     H          0.96407        157.69550      86.76366       13     8     7
     15     H          0.98627         98.24537     -63.51130       13     8     7
     16     O          1.71300        178.40952       7.28171       15    13     8
     17     H          0.98483        102.70727     -18.57721       16    15    13
     18     H          0.96440        155.73196     151.54336       16    15    13
     19     O          2.74099        107.85567    -110.69155       10     4     3
     20     H          0.97926          4.06998     135.90014       19    10     4
     21     H          0.96297        105.73798     157.80370       19    10     4
     22     O          1.65075        176.55721     -49.54386        8     7     6
     23     H          0.98765        113.23596      -8.19666       22     8     7
     24     H          0.98956        128.55279     115.40800       22     8     7

   MOLECULAR POINT GROUP            SYMMETRY CRITERIA
            C1                          0.10000000

          RHF EIGENVALUES
 -31.08423 -30.49187 -30.18629 -30.11722 -29.92462 -29.63736 -29.59263 -28.87478
 -19.36583 -19.11361 -18.80657 -18.66836 -18.45193 -18.13358 -17.87666 -17.52069
 -15.86073 -15.59716 -15.36894 -14.78870 -14.39442 -14.21357 -14.06162 -13.32497
 -12.48671 -12.46586 -12.21904 -12.00039 -11.93851 -11.92069 -11.79374 -11.44870
   2.44857   3.26671   3.53828   3.83472   4.28143   4.55420   4.66388   5.38910
   5.44396   5.81056   5.88422   5.97083   6.07420   6.30560   6.48982   6.80908

          NET ATOMIC CHARGES AND DIPOLE CONTRIBUTIONS
         ATOM NO.   TYPE          CHARGE        ATOM ELECTRON DENSITY
       1 O           -0.6561          6.6561
       2 H            0.3163          0.6837
       3 H            0.3296          0.6704
       4 O           -0.6826          6.6826
       5 H            0.3272          0.6728
       6 H            0.3610          0.6390
       7 O           -0.7010          6.7010
       8 H            0.3567          0.6433
       9 H            0.3309          0.6691
      10 O           -0.6738          6.6738
      11 H            0.3533          0.6467
      12 H            0.3464          0.6536
      13 O           -0.6643          6.6643
      14 H            0.3206          0.6794
      15 H            0.3427          0.6573
      16 O           -0.6667          6.6667
      17 H            0.3394          0.6606
      18 H            0.3229          0.6771
      19 O           -0.6605          6.6605
      20 H            0.3309          0.6691
      21 H            0.3206          0.6794
      22 O           -0.6890          6.6890
      23 H            0.3437          0.6563
      24 H            0.3520          0.6480

 DIPOLE (DEBYE)   X         Y         Z       TOTAL
 POINT-CHG.     0.640    -1.122     2.017     2.395
 HYBRID         0.165    -0.194     0.409     0.482
 SUM            0.805    -1.316     2.425     2.875


          CARTESIAN COORDINATES
    NO.       ATOM               X         Y         Z
       1 O        0.00000000      0.00000000      0.00000000
       2 H        0.96279730      0.00000000      0.00000000
       3 H       -0.20253289      0.95855329      0.00000000
       4 O       -1.28229801      2.47367016      0.00994026
       5 H       -1.38089928      3.14971107      0.70009687
       6 H       -1.33728836      3.05586006     -0.79712570
       7 O       -1.65801178      4.14048792     -2.02267961
       8 H       -2.53534988      3.81011776     -2.35526185
       9 H       -1.45509110      4.79383664     -2.70619605
      10 O       -2.89232107      0.27507058     -0.57579683
      11 H       -2.08691620     -0.25241206     -0.34829642
      12 H       -2.52410995      1.17648651     -0.40254572
      13 O       -6.21089551      2.62672047     -1.51693900
      14 H       -7.15490993      2.70699209     -1.33855680
      15 H       -5.98441965      1.82498994     -0.98904377
      16 O       -5.54524665      0.44509339     -0.07395647
      17 H       -4.58131561      0.36123838     -0.25749404
      18 H       -5.67544184     -0.26018610      0.57078756
      19 O       -3.68445541      0.48646722     -3.19129833
      20 H       -3.38873703      0.34360738     -2.26874674
      21 H       -3.91798926     -0.40631772     -3.46645551
      22 O       -3.95205678      3.17088201     -2.91139354
      23 H       -3.86987417      2.22794985     -3.19348333
      24 H       -4.82597922      3.11425851     -2.45065995


          ATOMIC ORBITAL ELECTRON POPULATIONS
   1.78754   1.40903   1.45978   1.99976   0.68370   0.67044   1.79213   1.97285
   1.51631   1.40131   0.67285   0.63905   1.78202   1.58548   1.69174   1.64175
   0.64326   0.66913   1.79387   1.53575   1.41837   1.92578   0.64675   0.65358
   1.78181   1.42926   1.63973   1.81352   0.67938   0.65728   1.78075   1.47703
   1.67835   1.73058   0.66064   0.67708   1.77986   1.91976   1.47416   1.48672
   0.66914   0.67943   1.79388   1.56462   1.49681   1.83373   0.65631   0.64796

     ELAPSED WALL CLOCK TIME :      0.13 SECONDS
     FULL COMPUTATION TIME :      0.04 SECONDS
 Process Info: 0.084u 0.040s 0:00.28 42.8%	0+0k 0+0io 0pf+0w
