 Timestamp: 2012-09-17-14-06-22-000000682A-linux
 User Info: xuwen, medusa
 *******************************************************************************
                         PM6 CALCULATION RESULTS
 *******************************************************************************
 *                             AMPAC Version 9.2.1
 *                                Presented by:
 *
 *                           Semichem, Inc.
 *                           www.semichem.com
 *
 *                  WARNING: YOUR LICENSE EXPIRES IN 27 DAYS!!
 *
 *  PM6      - THE PM6 HAMILTONIAN TO BE USED
 *  TRUSTE   - MINIMISE ENERGY USING TRUST REGION
 *  XYZ      - CARTESIAN COORDINATE SYSTEM TO BE USED
 *  GEO-OK   - OVERRIDE INTERATOMIC DISTANCE CHECK
 *  T=AUTO   - AUTOMATIC DETERMINATION OF ALLOWED TIME
 *  SINGLET  - IS THE REQUIRED SPIN MULTIPLICITY
 *******************************************************************************
 PM6 RHF SINGLET TRUSTE T=AUTO XYZ GEO-OK
  title
  comment
    ATOM    CHEMICAL   BOND LENGTH    BOND ANGLE    TWIST ANGLE
   NUMBER   SYMBOL     (ANGSTROMS)     (DEGREES)     (DEGREES)
    (I)                   NA:I          NB:NA:I      NC:NB:NA:I     NA    NB    NC
      1     O 
      2     H          0.96929                                       1
      3     H          0.98359        101.69336                      1     2
      4     O          1.85866        156.38712    -179.95044        3     1     2
      5     H          0.97527        128.82970     114.96366        4     3     1
      6     H          0.99369        120.26648    -109.74044        4     3     1
      7     O          1.72575        159.85188    -167.83789        6     4     3
      8     H          0.98585         96.42085     -92.20539        7     6     4
      9     H          0.96488        153.44132     138.25440        7     6     4
     10     O          2.78166         71.97343     -12.04012        4     3     1
     11     H          0.97906         84.60014       8.60892       10     4     3
     12     H          0.98980         13.85185    -177.41909       10     4     3
     13     O          3.97277        151.82358      52.23956        8     7     6
     14     H          0.96729        153.08809      85.64117       13     8     7
     15     H          0.98555         99.79194     -55.84593       13     8     7
     16     O          1.71387        178.44237      -1.19877       15    13     8
     17     H          0.98124        102.63811     -15.41516       16    15    13
     18     H          0.96211        155.31630     155.26671       16    15    13
     19     O          2.74417        107.61018    -111.13184       10     4     3
     20     H          0.97792          3.79623     138.06871       19    10     4
     21     H          0.96384        105.55216     157.80369       19    10     4
     22     O          1.83746        166.56702     -63.87160        8     7     6
     23     H          0.98747        122.53758      19.68714       22     8     7
     24     H          0.98976        119.45447     144.34323       22     8     7

 CALCULATION TO BE RUN IN CARTESIAN COORDINATES.
   MOLECULAR POINT GROUP            SYMMETRY CRITERIA
            C1                          0.10000000

          SINGLET STATE CALCULATION

        **  REFERENCES TO PARAMETERS  **

 H  (PM6):  J. J. P. Stewart, J. Mol. Model 13 (12): 1173-1213 (Dec 2007).
 O  (PM6):  J. J. P. Stewart, J. Mol. Model 13 (12): 1173-1213 (Dec 2007).

          CARTESIAN COORDINATES
    NO.       ATOM               X         Y         Z
       1 O        0.00000000      0.00000000      0.00000000
       2 H        0.96929304      0.00000000      0.00000000
       3 H       -0.19934735      0.96317425      0.00000000
       4 O       -1.27355191      2.47997785      0.00064396
       5 H       -1.36471216      3.16444532      0.68936966
       6 H       -1.32713323      3.05609656     -0.80721758
       7 O       -1.68881951      4.41599462     -1.80624725
       8 H       -2.56314540      4.08982047     -2.12414765
       9 H       -1.48187074      5.06262600     -2.49183027
      10 O       -2.88764788      0.28228853     -0.54936680
      11 H       -2.09117977     -0.24177053     -0.32676930
      12 H       -2.51678274      1.18512930     -0.38493266
      13 O       -6.20642339      2.64283222     -1.47943489
      14 H       -7.15011942      2.73582546     -1.28852641
      15 H       -5.97820757      1.84478578     -0.94806363
      16 O       -5.53621843      0.46768435     -0.02851034
      17 H       -4.57844306      0.37852082     -0.22226588
      18 H       -5.67062979     -0.23094163      0.61919278
      19 O       -3.70727721      0.48686529     -3.16026801
      20 H       -3.40579872      0.35067491     -2.24000071
      21 H       -3.94428293     -0.40831485     -3.42761945
      22 O       -3.95541476      3.17051930     -2.89402582
      23 H       -3.87952543      2.22560444     -3.17055016
      24 H       -4.82511769      3.12135377     -2.42411034

 OPTIMIZATION ABORTED - NOTHING TO OPTIMIZE.  DOING 1SCF INSTEAD.

 PM6 RHF SINGLET TRUSTE T=AUTO XYZ GEO-OK
  title
  comment

     1SCF WAS SPECIFIED, SO NO OPTIMIZATION ATTEMPTED
     SCF FIELD WAS ACHIEVED

                              PM6 CALCULATION
                                                            VERSION 9.2.1

                                                       Sep-17-2012

          FINAL HEAT OF FORMATION =    -469.228469 kcal   
                                  =   -1963.251915 kJ   
          ELECTRONIC ENERGY       =  -10153.713707 eV
          CORE-CORE REPULSION     =    7599.585413 eV
          TOTAL ENERGY            =   -2554.128294 eV   
          IONIZATION POTENTIAL    =      11.258137 eV
          HOMO-LUMO GAP           =      13.715805 eV
          MOLECULAR POINT GROUP   = C1    0.100000
          NO. OF FILLED LEVELS    =      32 (OCC = 2)
          MOLECULAR WEIGHT        =     144.122
          SCF CALCULATIONS        =       1
          COMPUTATION TIME        =       0.03     SECONDS

    ATOM    CHEMICAL   BOND LENGTH    BOND ANGLE    TWIST ANGLE
   NUMBER   SYMBOL     (ANGSTROMS)     (DEGREES)     (DEGREES)
    (I)                   NA:I          NB:NA:I      NC:NB:NA:I     NA    NB    NC
      1     O 
      2     H          0.96929                                       1
      3     H          0.98359        101.69336                      1     2
      4     O          1.85866        156.38712    -179.95044        3     1     2
      5     H          0.97527        128.82970     114.96366        4     3     1
      6     H          0.99369        120.26648    -109.74044        4     3     1
      7     O          1.72575        159.85188    -167.83789        6     4     3
      8     H          0.98585         96.42085     -92.20539        7     6     4
      9     H          0.96488        153.44132     138.25440        7     6     4
     10     O          2.78166         71.97343     -12.04012        4     3     1
     11     H          0.97906         84.60014       8.60892       10     4     3
     12     H          0.98980         13.85185    -177.41909       10     4     3
     13     O          3.97277        151.82358      52.23956        8     7     6
     14     H          0.96729        153.08809      85.64117       13     8     7
     15     H          0.98555         99.79194     -55.84593       13     8     7
     16     O          1.71387        178.44237      -1.19877       15    13     8
     17     H          0.98124        102.63811     -15.41516       16    15    13
     18     H          0.96211        155.31630     155.26671       16    15    13
     19     O          2.74417        107.61018    -111.13184       10     4     3
     20     H          0.97792          3.79623     138.06871       19    10     4
     21     H          0.96384        105.55216     157.80369       19    10     4
     22     O          1.83746        166.56702     -63.87160        8     7     6
     23     H          0.98747        122.53758      19.68714       22     8     7
     24     H          0.98976        119.45447     144.34323       22     8     7

   MOLECULAR POINT GROUP            SYMMETRY CRITERIA
            C1                          0.10000000

          RHF EIGENVALUES
 -31.13671 -30.55787 -30.23214 -30.08292 -29.87810 -29.74852 -29.62131 -28.77831
 -19.39746 -19.14505 -18.77683 -18.64809 -18.47871 -18.09264 -17.95837 -17.40207
 -15.83403 -15.53771 -15.33057 -14.79046 -14.42672 -14.23512 -14.03971 -13.30186
 -12.54676 -12.49174 -12.22201 -12.07843 -12.00057 -11.88598 -11.74120 -11.25814
   2.45767   3.23383   3.61062   3.87853   4.23544   4.45763   4.69083   5.41843
   5.44526   5.73251   5.86373   5.90352   6.03047   6.28693   6.34638   6.94369

          NET ATOMIC CHARGES AND DIPOLE CONTRIBUTIONS
         ATOM NO.   TYPE          CHARGE        ATOM ELECTRON DENSITY
       1 O           -0.6553          6.6553
       2 H            0.3166          0.6834
       3 H            0.3283          0.6717
       4 O           -0.6763          6.6763
       5 H            0.3303          0.6697
       6 H            0.3566          0.6434
       7 O           -0.6789          6.6789
       8 H            0.3521          0.6479
       9 H            0.3290          0.6710
      10 O           -0.6718          6.6718
      11 H            0.3503          0.6497
      12 H            0.3461          0.6539
      13 O           -0.6640          6.6640
      14 H            0.3203          0.6797
      15 H            0.3419          0.6581
      16 O           -0.6661          6.6661
      17 H            0.3392          0.6608
      18 H            0.3229          0.6771
      19 O           -0.6580          6.6580
      20 H            0.3296          0.6704
      21 H            0.3198          0.6802
      22 O           -0.7013          6.7013
      23 H            0.3430          0.6570
      24 H            0.3456          0.6544

 DIPOLE (DEBYE)   X         Y         Z       TOTAL
 POINT-CHG.     0.928    -0.980     2.198     2.579
 HYBRID         0.152    -0.201     0.396     0.469
 SUM            1.080    -1.182     2.593     3.048


          CARTESIAN COORDINATES
    NO.       ATOM               X         Y         Z
       1 O        0.00000000      0.00000000      0.00000000
       2 H        0.96929304      0.00000000      0.00000000
       3 H       -0.19934735      0.96317425      0.00000000
       4 O       -1.27355191      2.47997785      0.00064396
       5 H       -1.36471216      3.16444532      0.68936966
       6 H       -1.32713323      3.05609656     -0.80721758
       7 O       -1.68881951      4.41599462     -1.80624725
       8 H       -2.56314540      4.08982047     -2.12414765
       9 H       -1.48187074      5.06262600     -2.49183027
      10 O       -2.88764788      0.28228853     -0.54936680
      11 H       -2.09117977     -0.24177053     -0.32676930
      12 H       -2.51678274      1.18512930     -0.38493266
      13 O       -6.20642339      2.64283222     -1.47943489
      14 H       -7.15011942      2.73582546     -1.28852641
      15 H       -5.97820757      1.84478578     -0.94806363
      16 O       -5.53621843      0.46768435     -0.02851034
      17 H       -4.57844306      0.37852082     -0.22226588
      18 H       -5.67062979     -0.23094163      0.61919278
      19 O       -3.70727721      0.48686529     -3.16026801
      20 H       -3.40579872      0.35067491     -2.24000071
      21 H       -3.94428293     -0.40831485     -3.42761945
      22 O       -3.95541476      3.17051930     -2.89402582
      23 H       -3.87952543      2.22560444     -3.17055016
      24 H       -4.82511769      3.12135377     -2.42411034


          ATOMIC ORBITAL ELECTRON POPULATIONS
   1.79235   1.40735   1.45579   1.99979   0.68337   0.67173   1.79273   1.97360
   1.51144   1.39848   0.66966   0.64343   1.78204   1.56430   1.69252   1.63999
   0.64786   0.67096   1.79045   1.53621   1.41615   1.92903   0.64969   0.65392
   1.78299   1.43215   1.64148   1.80735   0.67970   0.65807   1.77755   1.48032
   1.68212   1.72606   0.66084   0.67712   1.77999   1.91682   1.47270   1.48847
   0.67043   0.68024   1.80021   1.57281   1.49386   1.83446   0.65695   0.65444

     ELAPSED WALL CLOCK TIME :      0.09 SECONDS
     FULL COMPUTATION TIME :      0.04 SECONDS
 Process Info: 0.084u 0.020s 0:00.22 45.4%	0+0k 0+0io 0pf+0w
