 Timestamp: 2012-09-17-14-09-16-0000006C83-linux
 User Info: xuwen, medusa
 *******************************************************************************
                         PM6 CALCULATION RESULTS
 *******************************************************************************
 *                             AMPAC Version 9.2.1
 *                                Presented by:
 *
 *                           Semichem, Inc.
 *                           www.semichem.com
 *
 *                  WARNING: YOUR LICENSE EXPIRES IN 27 DAYS!!
 *
 *  PM6      - THE PM6 HAMILTONIAN TO BE USED
 *  TRUSTE   - MINIMISE ENERGY USING TRUST REGION
 *  XYZ      - CARTESIAN COORDINATE SYSTEM TO BE USED
 *  GEO-OK   - OVERRIDE INTERATOMIC DISTANCE CHECK
 *  T=AUTO   - AUTOMATIC DETERMINATION OF ALLOWED TIME
 *  SINGLET  - IS THE REQUIRED SPIN MULTIPLICITY
 *******************************************************************************
 PM6 RHF SINGLET TRUSTE T=AUTO XYZ GEO-OK
  title
  comment
    ATOM    CHEMICAL   BOND LENGTH    BOND ANGLE    TWIST ANGLE
   NUMBER   SYMBOL     (ANGSTROMS)     (DEGREES)     (DEGREES)
    (I)                   NA:I          NB:NA:I      NC:NB:NA:I     NA    NB    NC
      1     O 
      2     H          0.96026                                       1
      3     H          0.97149        102.17850                      1     2
      4     O          1.87843        156.67166    -179.40998        3     1     2
      5     H          0.96364        128.24437     113.85905        4     3     1
      6     H          0.99020        119.52406    -111.13193        4     3     1
      7     O          1.72537        159.34057    -169.39395        6     4     3
      8     H          0.98026         96.70936     -91.26162        7     6     4
      9     H          0.96737        153.34616     137.71233        7     6     4
     10     O          2.78736         71.62072     -13.38701        4     3     1
     11     H          0.98620         84.65224       8.36669       10     4     3
     12     H          0.99126         13.70857    -177.09541       10     4     3
     13     O          3.97755        151.43172      53.11739        8     7     6
     14     H          0.96431        153.81938      85.07751       13     8     7
     15     H          0.98722        100.03162     -56.54070       13     8     7
     16     O          1.71374        177.90195      -9.19257       15    13     8
     17     H          0.99212        102.99415      -6.96913       16    15    13
     18     H          0.96530        155.53175     162.83097       16    15    13
     19     O          2.74713        107.67287    -110.81497       10     4     3
     20     H          0.98494          3.49924     136.96186       19    10     4
     21     H          0.95640        106.45207     158.22418       19    10     4
     22     O          1.83676        167.09226     -61.63686        8     7     6
     23     H          0.98864        123.09394      16.29490       22     8     7
     24     H          0.99363        119.73097     142.63683       22     8     7

 CALCULATION TO BE RUN IN CARTESIAN COORDINATES.
   MOLECULAR POINT GROUP            SYMMETRY CRITERIA
            C1                          0.10000000

          SINGLET STATE CALCULATION

        **  REFERENCES TO PARAMETERS  **

 H  (PM6):  J. J. P. Stewart, J. Mol. Model 13 (12): 1173-1213 (Dec 2007).
 O  (PM6):  J. J. P. Stewart, J. Mol. Model 13 (12): 1173-1213 (Dec 2007).

          CARTESIAN COORDINATES
    NO.       ATOM               X         Y         Z
       1 O        0.00000000      0.00000000      0.00000000
       2 H        0.96026038      0.00000000      0.00000000
       3 H       -0.20494441      0.94963034      0.00000000
       4 O       -1.29589851      2.47876751      0.00765990
       5 H       -1.38618652      3.14365357      0.69930619
       6 H       -1.33453387      3.05465675     -0.79692626
       7 O       -1.69818523      4.41705181     -1.79117844
       8 H       -2.55816032      4.08750559     -2.12694942
       9 H       -1.48282698      5.07976913     -2.46216770
      10 O       -2.88630048      0.26743969     -0.58399105
      11 H       -2.08068565     -0.25580996     -0.36084411
      12 H       -2.52275325      1.17243075     -0.40672123
      13 O       -6.20946164      2.62418482     -1.53738095
      14 H       -7.15430953      2.70080274     -1.36048508
      15 H       -5.98941715      1.82176405     -1.00606059
      16 O       -5.54672473      0.43862305     -0.09620104
      17 H       -4.57417601      0.35639993     -0.27421327
      18 H       -5.67845983     -0.26912431      0.54686935
      19 O       -3.67056693      0.48233275     -3.20800460
      20 H       -3.37887521      0.34689119     -2.27705266
      21 H       -3.90394113     -0.39993554     -3.49408002
      22 O       -3.93882750      3.16539939     -2.91255637
      23 H       -3.85926575      2.22682970     -3.21281767
      24 H       -4.81921372      3.11218897     -2.45496619

 OPTIMIZATION ABORTED - NOTHING TO OPTIMIZE.  DOING 1SCF INSTEAD.

 PM6 RHF SINGLET TRUSTE T=AUTO XYZ GEO-OK
  title
  comment

     1SCF WAS SPECIFIED, SO NO OPTIMIZATION ATTEMPTED
     SCF FIELD WAS ACHIEVED

                              PM6 CALCULATION
                                                            VERSION 9.2.1

                                                       Sep-17-2012

          FINAL HEAT OF FORMATION =    -469.560933 kcal   
                                  =   -1964.642943 kJ   
          ELECTRONIC ENERGY       =  -10150.927202 eV
          CORE-CORE REPULSION     =    7596.784491 eV
          TOTAL ENERGY            =   -2554.142711 eV   
          IONIZATION POTENTIAL    =      11.237635 eV
          HOMO-LUMO GAP           =      13.687050 eV
          MOLECULAR POINT GROUP   = C1    0.100000
          NO. OF FILLED LEVELS    =      32 (OCC = 2)
          MOLECULAR WEIGHT        =     144.122
          SCF CALCULATIONS        =       1
          COMPUTATION TIME        =       0.04     SECONDS

    ATOM    CHEMICAL   BOND LENGTH    BOND ANGLE    TWIST ANGLE
   NUMBER   SYMBOL     (ANGSTROMS)     (DEGREES)     (DEGREES)
    (I)                   NA:I          NB:NA:I      NC:NB:NA:I     NA    NB    NC
      1     O 
      2     H          0.96026                                       1
      3     H          0.97149        102.17850                      1     2
      4     O          1.87843        156.67166    -179.40998        3     1     2
      5     H          0.96364        128.24437     113.85905        4     3     1
      6     H          0.99020        119.52406    -111.13193        4     3     1
      7     O          1.72537        159.34057    -169.39395        6     4     3
      8     H          0.98026         96.70936     -91.26162        7     6     4
      9     H          0.96737        153.34616     137.71233        7     6     4
     10     O          2.78736         71.62072     -13.38701        4     3     1
     11     H          0.98620         84.65224       8.36669       10     4     3
     12     H          0.99126         13.70857    -177.09541       10     4     3
     13     O          3.97755        151.43172      53.11739        8     7     6
     14     H          0.96431        153.81938      85.07751       13     8     7
     15     H          0.98722        100.03162     -56.54070       13     8     7
     16     O          1.71374        177.90195      -9.19257       15    13     8
     17     H          0.99212        102.99415      -6.96913       16    15    13
     18     H          0.96530        155.53175     162.83097       16    15    13
     19     O          2.74713        107.67287    -110.81497       10     4     3
     20     H          0.98494          3.49924     136.96186       19    10     4
     21     H          0.95640        106.45207     158.22418       19    10     4
     22     O          1.83676        167.09226     -61.63686        8     7     6
     23     H          0.98864        123.09394      16.29490       22     8     7
     24     H          0.99363        119.73097     142.63683       22     8     7

   MOLECULAR POINT GROUP            SYMMETRY CRITERIA
            C1                          0.10000000

          RHF EIGENVALUES
 -31.13772 -30.56526 -30.30909 -30.07684 -29.93688 -29.75918 -29.60104 -28.71063
 -19.35982 -19.21953 -18.81246 -18.74453 -18.47474 -18.11805 -17.93731 -17.39917
 -15.83697 -15.51526 -15.31513 -14.78224 -14.39614 -14.23385 -14.03913 -13.28493
 -12.57082 -12.48893 -12.17565 -12.08363 -12.07715 -11.88311 -11.73473 -11.23764
   2.44942   3.24981   3.60595   3.89442   4.25573   4.49847   4.69634   5.42042
   5.45535   5.76381   5.85127   5.90000   6.05544   6.31407   6.33922   6.95475

          NET ATOMIC CHARGES AND DIPOLE CONTRIBUTIONS
         ATOM NO.   TYPE          CHARGE        ATOM ELECTRON DENSITY
       1 O           -0.6531          6.6531
       2 H            0.3169          0.6831
       3 H            0.3270          0.6730
       4 O           -0.6769          6.6769
       5 H            0.3291          0.6709
       6 H            0.3572          0.6428
       7 O           -0.6786          6.6786
       8 H            0.3515          0.6485
       9 H            0.3297          0.6703
      10 O           -0.6717          6.6717
      11 H            0.3519          0.6481
      12 H            0.3463          0.6537
      13 O           -0.6621          6.6621
      14 H            0.3189          0.6811
      15 H            0.3419          0.6581
      16 O           -0.6675          6.6675
      17 H            0.3405          0.6595
      18 H            0.3221          0.6779
      19 O           -0.6619          6.6619
      20 H            0.3329          0.6671
      21 H            0.3192          0.6808
      22 O           -0.7039          6.7039
      23 H            0.3436          0.6564
      24 H            0.3469          0.6531

 DIPOLE (DEBYE)   X         Y         Z       TOTAL
 POINT-CHG.     1.006    -1.041     2.173     2.611
 HYBRID         0.142    -0.192     0.380     0.448
 SUM            1.148    -1.233     2.552     3.058


          CARTESIAN COORDINATES
    NO.       ATOM               X         Y         Z
       1 O        0.00000000      0.00000000      0.00000000
       2 H        0.96026038      0.00000000      0.00000000
       3 H       -0.20494441      0.94963034      0.00000000
       4 O       -1.29589851      2.47876751      0.00765990
       5 H       -1.38618652      3.14365357      0.69930619
       6 H       -1.33453387      3.05465675     -0.79692626
       7 O       -1.69818523      4.41705181     -1.79117844
       8 H       -2.55816032      4.08750559     -2.12694942
       9 H       -1.48282698      5.07976913     -2.46216770
      10 O       -2.88630048      0.26743969     -0.58399105
      11 H       -2.08068565     -0.25580996     -0.36084411
      12 H       -2.52275325      1.17243075     -0.40672123
      13 O       -6.20946164      2.62418482     -1.53738095
      14 H       -7.15430953      2.70080274     -1.36048508
      15 H       -5.98941715      1.82176405     -1.00606059
      16 O       -5.54672473      0.43862305     -0.09620104
      17 H       -4.57417601      0.35639993     -0.27421327
      18 H       -5.67845983     -0.26912431      0.54686935
      19 O       -3.67056693      0.48233275     -3.20800460
      20 H       -3.37887521      0.34689119     -2.27705266
      21 H       -3.90394113     -0.39993554     -3.49408002
      22 O       -3.93882750      3.16539939     -2.91255637
      23 H       -3.85926575      2.22682970     -3.21281767
      24 H       -4.81921372      3.11218897     -2.45496619


          ATOMIC ORBITAL ELECTRON POPULATIONS
   1.78285   1.41006   1.46047   1.99974   0.68315   0.67298   1.78552   1.97534
   1.52089   1.39520   0.67086   0.64275   1.78034   1.57242   1.68032   1.64548
   0.64852   0.67027   1.79331   1.53491   1.41776   1.92576   0.64810   0.65366
   1.78365   1.42716   1.63888   1.81242   0.68107   0.65808   1.78410   1.47439
   1.67609   1.73292   0.65945   0.67793   1.77713   1.92211   1.47968   1.48298
   0.66708   0.68082   1.80104   1.56659   1.50081   1.83550   0.65637   0.65307

     ELAPSED WALL CLOCK TIME :      0.10 SECONDS
     FULL COMPUTATION TIME :      0.04 SECONDS
 Process Info: 0.084u 0.048s 0:00.39 30.7%	0+0k 0+0io 0pf+0w
