 Timestamp: 2012-09-17-14-03-59-000000649E-linux
 User Info: xuwen, medusa
 *******************************************************************************
                         PM6 CALCULATION RESULTS
 *******************************************************************************
 *                             AMPAC Version 9.2.1
 *                                Presented by:
 *
 *                           Semichem, Inc.
 *                           www.semichem.com
 *
 *                  WARNING: YOUR LICENSE EXPIRES IN 27 DAYS!!
 *
 *  PM6      - THE PM6 HAMILTONIAN TO BE USED
 *  TRUSTE   - MINIMISE ENERGY USING TRUST REGION
 *  XYZ      - CARTESIAN COORDINATE SYSTEM TO BE USED
 *  GEO-OK   - OVERRIDE INTERATOMIC DISTANCE CHECK
 *  T=AUTO   - AUTOMATIC DETERMINATION OF ALLOWED TIME
 *  SINGLET  - IS THE REQUIRED SPIN MULTIPLICITY
 *******************************************************************************
 PM6 RHF SINGLET TRUSTE T=AUTO XYZ GEO-OK
  title
  comment
    ATOM    CHEMICAL   BOND LENGTH    BOND ANGLE    TWIST ANGLE
   NUMBER   SYMBOL     (ANGSTROMS)     (DEGREES)     (DEGREES)
    (I)                   NA:I          NB:NA:I      NC:NB:NA:I     NA    NB    NC
      1     O 
      2     H          0.96064                                       1
      3     H          0.98359        101.54014                      1     2
      4     O          1.85866        156.38712     179.78908        3     1     2
      5     H          0.97527        128.82970     114.96366        4     3     1
      6     H          0.99916        120.55540    -109.29397        4     3     1
      7     O          1.66196        170.31987     166.97534        6     4     3
      8     H          0.99408        101.51347     -66.18665        7     6     4
      9     H          0.96488        156.32501     137.18200        7     6     4
     10     O          2.78553         72.15281     -12.10552        4     3     1
     11     H          0.98846         84.24095       8.68362       10     4     3
     12     H          0.98980         14.03394    -177.22266       10     4     3
     13     O          3.95187        148.25377      48.26772        8     7     6
     14     H          0.96729        157.19750      86.45574       13     8     7
     15     H          0.98555         98.23542     -62.72454       13     8     7
     16     O          1.71387        178.44237       3.82365       15    13     8
     17     H          0.98124        102.63811     -15.41516       16    15    13
     18     H          0.96569        155.79534     154.58926       16    15    13
     19     O          2.73733        107.69345    -110.95118       10     4     3
     20     H          0.97792          3.86813     135.86209       19    10     4
     21     H          0.96483        105.97697     158.09406       19    10     4
     22     O          1.65174        176.06682     -51.08940        8     7     6
     23     H          0.98747        113.42031      -6.50864       22     8     7
     24     H          0.98976        128.29342     117.15972       22     8     7

 CALCULATION TO BE RUN IN CARTESIAN COORDINATES.
   MOLECULAR POINT GROUP            SYMMETRY CRITERIA
            C1                          0.10000000

          SINGLET STATE CALCULATION

        **  REFERENCES TO PARAMETERS  **

 H  (PM6):  J. J. P. Stewart, J. Mol. Model 13 (12): 1173-1213 (Dec 2007).
 O  (PM6):  J. J. P. Stewart, J. Mol. Model 13 (12): 1173-1213 (Dec 2007).

          CARTESIAN COORDINATES
    NO.       ATOM               X         Y         Z
       1 O        0.00000000      0.00000000      0.00000000
       2 H        0.96063989      0.00000000      0.00000000
       3 H       -0.19677093      0.96370390      0.00000000
       4 O       -1.26691075      2.48337566     -0.00274063
       5 H       -1.35930853      3.16745798      0.68620278
       6 H       -1.32399353      3.06296423     -0.81461663
       7 O       -1.63897108      4.14435612     -2.03669712
       8 H       -2.52138082      3.82340631     -2.36310219
       9 H       -1.42724346      4.79105459     -2.72075597
      10 O       -2.89304767      0.29310905     -0.56627136
      11 H       -2.09034209     -0.23587592     -0.33629821
      12 H       -2.52050745      1.19480415     -0.39935604
      13 O       -6.20132794      2.66337095     -1.50892940
      14 H       -7.14561311      2.75871573     -1.32213835
      15 H       -5.97761456      1.86423367     -0.97728296
      16 O       -5.54340711      0.48511857     -0.05704037
      17 H       -4.58501988      0.39356839     -0.24661223
      18 H       -5.67392844     -0.21632801      0.59372908
      19 O       -3.69184960      0.49965901     -3.17629082
      20 H       -3.39483820      0.36182540     -2.25481639
      21 H       -3.93869340     -0.39204609     -3.44983451
      22 O       -3.94263869      3.18631827     -2.91299846
      23 H       -3.86804362      2.24145558     -3.19005273
      24 H       -4.81455439      3.13905307     -2.44700488

 OPTIMIZATION ABORTED - NOTHING TO OPTIMIZE.  DOING 1SCF INSTEAD.

 PM6 RHF SINGLET TRUSTE T=AUTO XYZ GEO-OK
  title
  comment

     1SCF WAS SPECIFIED, SO NO OPTIMIZATION ATTEMPTED
     SCF FIELD WAS ACHIEVED

                              PM6 CALCULATION
                                                            VERSION 9.2.1

                                                       Sep-17-2012

          FINAL HEAT OF FORMATION =    -469.084064 kcal   
                                  =   -1962.647722 kJ   
          ELECTRONIC ENERGY       =  -10195.434565 eV
          CORE-CORE REPULSION     =    7641.312533 eV
          TOTAL ENERGY            =   -2554.122032 eV   
          IONIZATION POTENTIAL    =      11.450427 eV
          HOMO-LUMO GAP           =      13.899775 eV
          MOLECULAR POINT GROUP   = C1    0.100000
          NO. OF FILLED LEVELS    =      32 (OCC = 2)
          MOLECULAR WEIGHT        =     144.122
          SCF CALCULATIONS        =       1
          COMPUTATION TIME        =       0.04     SECONDS

    ATOM    CHEMICAL   BOND LENGTH    BOND ANGLE    TWIST ANGLE
   NUMBER   SYMBOL     (ANGSTROMS)     (DEGREES)     (DEGREES)
    (I)                   NA:I          NB:NA:I      NC:NB:NA:I     NA    NB    NC
      1     O 
      2     H          0.96064                                       1
      3     H          0.98359        101.54014                      1     2
      4     O          1.85866        156.38712     179.78908        3     1     2
      5     H          0.97527        128.82970     114.96366        4     3     1
      6     H          0.99916        120.55540    -109.29397        4     3     1
      7     O          1.66196        170.31987     166.97534        6     4     3
      8     H          0.99408        101.51347     -66.18665        7     6     4
      9     H          0.96488        156.32501     137.18200        7     6     4
     10     O          2.78553         72.15281     -12.10552        4     3     1
     11     H          0.98846         84.24095       8.68362       10     4     3
     12     H          0.98980         14.03394    -177.22266       10     4     3
     13     O          3.95187        148.25377      48.26772        8     7     6
     14     H          0.96729        157.19750      86.45574       13     8     7
     15     H          0.98555         98.23542     -62.72454       13     8     7
     16     O          1.71387        178.44237       3.82365       15    13     8
     17     H          0.98124        102.63811     -15.41516       16    15    13
     18     H          0.96569        155.79534     154.58926       16    15    13
     19     O          2.73733        107.69345    -110.95118       10     4     3
     20     H          0.97792          3.86813     135.86209       19    10     4
     21     H          0.96483        105.97697     158.09406       19    10     4
     22     O          1.65174        176.06682     -51.08940        8     7     6
     23     H          0.98747        113.42031      -6.50864       22     8     7
     24     H          0.98976        128.29342     117.15972       22     8     7

   MOLECULAR POINT GROUP            SYMMETRY CRITERIA
            C1                          0.10000000

          RHF EIGENVALUES
 -31.06936 -30.47391 -30.17536 -30.10682 -29.90873 -29.62453 -29.58032 -28.87274
 -19.37128 -19.10704 -18.81118 -18.64000 -18.44862 -18.14046 -17.88342 -17.52876
 -15.86111 -15.59391 -15.36509 -14.79109 -14.38274 -14.21034 -14.05536 -13.32288
 -12.47550 -12.45054 -12.22505 -11.98439 -11.94282 -11.93419 -11.79359 -11.45043
   2.44935   3.25594   3.53824   3.82922   4.28910   4.54320   4.65327   5.38394
   5.44684   5.80728   5.88942   5.98997   6.07703   6.30308   6.49066   6.80556

          NET ATOMIC CHARGES AND DIPOLE CONTRIBUTIONS
         ATOM NO.   TYPE          CHARGE        ATOM ELECTRON DENSITY
       1 O           -0.6555          6.6555
       2 H            0.3151          0.6849
       3 H            0.3300          0.6700
       4 O           -0.6840          6.6840
       5 H            0.3276          0.6724
       6 H            0.3614          0.6386
       7 O           -0.7007          6.7007
       8 H            0.3572          0.6428
       9 H            0.3310          0.6690
      10 O           -0.6741          6.6741
      11 H            0.3531          0.6469
      12 H            0.3464          0.6536
      13 O           -0.6650          6.6650
      14 H            0.3215          0.6785
      15 H            0.3426          0.6574
      16 O           -0.6658          6.6658
      17 H            0.3385          0.6615
      18 H            0.3234          0.6766
      19 O           -0.6618          6.6618
      20 H            0.3312          0.6688
      21 H            0.3215          0.6785
      22 O           -0.6893          6.6893
      23 H            0.3439          0.6561
      24 H            0.3520          0.6480

 DIPOLE (DEBYE)   X         Y         Z       TOTAL
 POINT-CHG.     0.594    -1.048     2.042     2.371
 HYBRID         0.169    -0.190     0.413     0.485
 SUM            0.763    -1.239     2.455     2.854


          CARTESIAN COORDINATES
    NO.       ATOM               X         Y         Z
       1 O        0.00000000      0.00000000      0.00000000
       2 H        0.96063989      0.00000000      0.00000000
       3 H       -0.19677093      0.96370390      0.00000000
       4 O       -1.26691075      2.48337566     -0.00274063
       5 H       -1.35930853      3.16745798      0.68620278
       6 H       -1.32399353      3.06296423     -0.81461663
       7 O       -1.63897108      4.14435612     -2.03669712
       8 H       -2.52138082      3.82340631     -2.36310219
       9 H       -1.42724346      4.79105459     -2.72075597
      10 O       -2.89304767      0.29310905     -0.56627136
      11 H       -2.09034209     -0.23587592     -0.33629821
      12 H       -2.52050745      1.19480415     -0.39935604
      13 O       -6.20132794      2.66337095     -1.50892940
      14 H       -7.14561311      2.75871573     -1.32213835
      15 H       -5.97761456      1.86423367     -0.97728296
      16 O       -5.54340711      0.48511857     -0.05704037
      17 H       -4.58501988      0.39356839     -0.24661223
      18 H       -5.67392844     -0.21632801      0.59372908
      19 O       -3.69184960      0.49965901     -3.17629082
      20 H       -3.39483820      0.36182540     -2.25481639
      21 H       -3.93869340     -0.39204609     -3.44983451
      22 O       -3.94263869      3.18631827     -2.91299846
      23 H       -3.86804362      2.24145558     -3.19005273
      24 H       -4.81455439      3.13905307     -2.44700488


          ATOMIC ORBITAL ELECTRON POPULATIONS
   1.78896   1.40906   1.45774   1.99977   0.68486   0.67004   1.79470   1.97319
   1.51359   1.40253   0.67240   0.63862   1.77993   1.57942   1.69913   1.64219
   0.64277   0.66904   1.79399   1.53607   1.41774   1.92631   0.64692   0.65355
   1.78242   1.43318   1.64082   1.80856   0.67853   0.65745   1.78003   1.47900
   1.68143   1.72538   0.66154   0.67664   1.77918   1.91603   1.47775   1.48880
   0.66884   0.67850   1.79380   1.56678   1.49594   1.83282   0.65607   0.64801

     ELAPSED WALL CLOCK TIME :      0.11 SECONDS
     FULL COMPUTATION TIME :      0.05 SECONDS
 Process Info: 0.084u 0.044s 0:00.27 44.4%	0+0k 0+0io 0pf+0w
