 Timestamp: 2012-09-17-14-08-25-0000006B3D-linux
 User Info: xuwen, medusa
 *******************************************************************************
                         PM6 CALCULATION RESULTS
 *******************************************************************************
 *                             AMPAC Version 9.2.1
 *                                Presented by:
 *
 *                           Semichem, Inc.
 *                           www.semichem.com
 *
 *                  WARNING: YOUR LICENSE EXPIRES IN 27 DAYS!!
 *
 *  PM6      - THE PM6 HAMILTONIAN TO BE USED
 *  TRUSTE   - MINIMISE ENERGY USING TRUST REGION
 *  XYZ      - CARTESIAN COORDINATE SYSTEM TO BE USED
 *  GEO-OK   - OVERRIDE INTERATOMIC DISTANCE CHECK
 *  T=AUTO   - AUTOMATIC DETERMINATION OF ALLOWED TIME
 *  SINGLET  - IS THE REQUIRED SPIN MULTIPLICITY
 *******************************************************************************
 PM6 RHF SINGLET TRUSTE T=AUTO XYZ GEO-OK
  title
  comment
    ATOM    CHEMICAL   BOND LENGTH    BOND ANGLE    TWIST ANGLE
   NUMBER   SYMBOL     (ANGSTROMS)     (DEGREES)     (DEGREES)
    (I)                   NA:I          NB:NA:I      NC:NB:NA:I     NA    NB    NC
      1     O 
      2     H          0.96115                                       1
      3     H          0.97350        101.96635                      1     2
      4     O          1.87713        156.53015     179.23738        3     1     2
      5     H          0.96364        127.94968     115.92941        4     3     1
      6     H          0.99020        119.78075    -109.09912        4     3     1
      7     O          1.72537        159.34057    -169.20973        6     4     3
      8     H          0.97550         96.50233     -90.78644        7     6     4
      9     H          0.96737        153.34616     137.71233        7     6     4
     10     O          2.78736         71.74476     -11.35441        4     3     1
     11     H          0.98620         84.65224       8.07604       10     4     3
     12     H          0.99126         13.70857    -177.38606       10     4     3
     13     O          3.97769        152.07422      52.77897        8     7     6
     14     H          0.96431        153.77812      85.10345       13     8     7
     15     H          0.98722         99.97793     -56.21075       13     8     7
     16     O          1.71374        177.90195      -9.32829       15    13     8
     17     H          0.99212        102.99415      -6.96913       16    15    13
     18     H          0.96530        155.53175     162.83097       16    15    13
     19     O          2.73777        107.64147    -111.17585       10     4     3
     20     H          0.97581          3.65666     136.20370       19    10     4
     21     H          0.95640        106.39808     158.23059       19    10     4
     22     O          1.84266        166.63031     -64.33313        8     7     6
     23     H          0.98372        122.93429      19.65769       22     8     7
     24     H          0.99363        119.49678     145.24780       22     8     7

 CALCULATION TO BE RUN IN CARTESIAN COORDINATES.
   MOLECULAR POINT GROUP            SYMMETRY CRITERIA
            C1                          0.10000000

          SINGLET STATE CALCULATION

        **  REFERENCES TO PARAMETERS  **

 H  (PM6):  J. J. P. Stewart, J. Mol. Model 13 (12): 1173-1213 (Dec 2007).
 O  (PM6):  J. J. P. Stewart, J. Mol. Model 13 (12): 1173-1213 (Dec 2007).

          CARTESIAN COORDINATES
    NO.       ATOM               X         Y         Z
       1 O        0.00000000      0.00000000      0.00000000
       2 H        0.96114515      0.00000000      0.00000000
       3 H       -0.20184256      0.95234425      0.00000000
       4 O       -1.29012772      2.48176781     -0.00995039
       5 H       -1.37190517      3.15536229      0.67428855
       6 H       -1.33559432      3.04776367     -0.82117260
       7 O       -1.70619391      4.39863781     -1.82849330
       8 H       -2.56933097      4.06932644     -2.14177980
       9 H       -1.49613198      5.05249742     -2.50977269
      10 O       -2.89144673      0.26711242     -0.55811000
      11 H       -2.08480478     -0.25526729     -0.33664173
      12 H       -2.52407246      1.17335170     -0.39573227
      13 O       -6.21872773      2.61984681     -1.50702624
      14 H       -7.16156139      2.70090577     -1.32156969
      15 H       -5.99514027      1.82352707     -0.96806102
      16 O       -5.54640472      0.45067680     -0.04566276
      17 H       -4.57589574      0.36393298     -0.23244560
      18 H       -5.67323260     -0.24875438      0.60741512
      19 O       -3.70079379      0.45374590     -3.16685017
      20 H       -3.40094313      0.32681976     -2.24697010
      21 H       -3.93905124     -0.43142823     -3.43961407
      22 O       -3.96090018      3.13859378     -2.91163164
      23 H       -3.88557337      2.19849692     -3.19135251
      24 H       -4.83673043      3.09314822     -2.44455984

 OPTIMIZATION ABORTED - NOTHING TO OPTIMIZE.  DOING 1SCF INSTEAD.

 PM6 RHF SINGLET TRUSTE T=AUTO XYZ GEO-OK
  title
  comment

     1SCF WAS SPECIFIED, SO NO OPTIMIZATION ATTEMPTED
     SCF FIELD WAS ACHIEVED

                              PM6 CALCULATION
                                                            VERSION 9.2.1

                                                       Sep-17-2012

          FINAL HEAT OF FORMATION =    -469.403765 kcal   
                                  =   -1963.985352 kJ   
          ELECTRONIC ENERGY       =  -10154.014236 eV
          CORE-CORE REPULSION     =    7599.878340 eV
          TOTAL ENERGY            =   -2554.135895 eV   
          IONIZATION POTENTIAL    =      11.238084 eV
          HOMO-LUMO GAP           =      13.696478 eV
          MOLECULAR POINT GROUP   = C1    0.100000
          NO. OF FILLED LEVELS    =      32 (OCC = 2)
          MOLECULAR WEIGHT        =     144.122
          SCF CALCULATIONS        =       1
          COMPUTATION TIME        =       0.04     SECONDS

    ATOM    CHEMICAL   BOND LENGTH    BOND ANGLE    TWIST ANGLE
   NUMBER   SYMBOL     (ANGSTROMS)     (DEGREES)     (DEGREES)
    (I)                   NA:I          NB:NA:I      NC:NB:NA:I     NA    NB    NC
      1     O 
      2     H          0.96115                                       1
      3     H          0.97350        101.96635                      1     2
      4     O          1.87713        156.53015     179.23738        3     1     2
      5     H          0.96364        127.94968     115.92941        4     3     1
      6     H          0.99020        119.78075    -109.09912        4     3     1
      7     O          1.72537        159.34057    -169.20973        6     4     3
      8     H          0.97550         96.50233     -90.78644        7     6     4
      9     H          0.96737        153.34616     137.71233        7     6     4
     10     O          2.78736         71.74476     -11.35441        4     3     1
     11     H          0.98620         84.65224       8.07604       10     4     3
     12     H          0.99126         13.70857    -177.38606       10     4     3
     13     O          3.97769        152.07422      52.77897        8     7     6
     14     H          0.96431        153.77812      85.10345       13     8     7
     15     H          0.98722         99.97793     -56.21075       13     8     7
     16     O          1.71374        177.90195      -9.32829       15    13     8
     17     H          0.99212        102.99415      -6.96913       16    15    13
     18     H          0.96530        155.53175     162.83097       16    15    13
     19     O          2.73777        107.64147    -111.17585       10     4     3
     20     H          0.97581          3.65666     136.20370       19    10     4
     21     H          0.95640        106.39808     158.23059       19    10     4
     22     O          1.84266        166.63031     -64.33313        8     7     6
     23     H          0.98372        122.93429      19.65769       22     8     7
     24     H          0.99363        119.49678     145.24780       22     8     7

   MOLECULAR POINT GROUP            SYMMETRY CRITERIA
            C1                          0.10000000

          RHF EIGENVALUES
 -31.14468 -30.58535 -30.30496 -30.10090 -29.96405 -29.78780 -29.60854 -28.75916
 -19.36159 -19.23419 -18.79870 -18.74981 -18.48217 -18.14031 -17.94253 -17.40720
 -15.83288 -15.51255 -15.31399 -14.78357 -14.39568 -14.23157 -14.03854 -13.28674
 -12.57367 -12.48128 -12.17324 -12.09541 -12.07173 -11.89717 -11.73383 -11.23808
   2.45839   3.25018   3.61533   3.92295   4.25475   4.49701   4.70124   5.42758
   5.47814   5.75903   5.85449   5.89637   6.09047   6.32288   6.34721   6.97011

          NET ATOMIC CHARGES AND DIPOLE CONTRIBUTIONS
         ATOM NO.   TYPE          CHARGE        ATOM ELECTRON DENSITY
       1 O           -0.6530          6.6530
       2 H            0.3166          0.6834
       3 H            0.3271          0.6729
       4 O           -0.6767          6.6767
       5 H            0.3289          0.6711
       6 H            0.3573          0.6427
       7 O           -0.6779          6.6779
       8 H            0.3506          0.6494
       9 H            0.3305          0.6695
      10 O           -0.6720          6.6720
      11 H            0.3518          0.6482
      12 H            0.3462          0.6538
      13 O           -0.6622          6.6622
      14 H            0.3189          0.6811
      15 H            0.3420          0.6580
      16 O           -0.6676          6.6676
      17 H            0.3407          0.6593
      18 H            0.3220          0.6780
      19 O           -0.6597          6.6597
      20 H            0.3309          0.6691
      21 H            0.3194          0.6806
      22 O           -0.7026          6.7026
      23 H            0.3422          0.6578
      24 H            0.3468          0.6532

 DIPOLE (DEBYE)   X         Y         Z       TOTAL
 POINT-CHG.     1.033    -0.989     2.208     2.631
 HYBRID         0.144    -0.191     0.392     0.460
 SUM            1.177    -1.180     2.600     3.089


          CARTESIAN COORDINATES
    NO.       ATOM               X         Y         Z
       1 O        0.00000000      0.00000000      0.00000000
       2 H        0.96114515      0.00000000      0.00000000
       3 H       -0.20184256      0.95234425      0.00000000
       4 O       -1.29012772      2.48176781     -0.00995039
       5 H       -1.37190517      3.15536229      0.67428855
       6 H       -1.33559432      3.04776367     -0.82117260
       7 O       -1.70619391      4.39863781     -1.82849330
       8 H       -2.56933097      4.06932644     -2.14177980
       9 H       -1.49613198      5.05249742     -2.50977269
      10 O       -2.89144673      0.26711242     -0.55811000
      11 H       -2.08480478     -0.25526729     -0.33664173
      12 H       -2.52407246      1.17335170     -0.39573227
      13 O       -6.21872773      2.61984681     -1.50702624
      14 H       -7.16156139      2.70090577     -1.32156969
      15 H       -5.99514027      1.82352707     -0.96806102
      16 O       -5.54640472      0.45067680     -0.04566276
      17 H       -4.57589574      0.36393298     -0.23244560
      18 H       -5.67323260     -0.24875438      0.60741512
      19 O       -3.70079379      0.45374590     -3.16685017
      20 H       -3.40094313      0.32681976     -2.24697010
      21 H       -3.93905124     -0.43142823     -3.43961407
      22 O       -3.96090018      3.13859378     -2.91163164
      23 H       -3.88557337      2.19849692     -3.19135251
      24 H       -4.83673043      3.09314822     -2.44455984


          ATOMIC ORBITAL ELECTRON POPULATIONS
   1.78446   1.40970   1.45908   1.99977   0.68344   0.67293   1.78552   1.97584
   1.51984   1.39552   0.67106   0.64271   1.77785   1.56712   1.68769   1.64526
   0.64944   0.66949   1.79337   1.53229   1.41694   1.92935   0.64817   0.65377
   1.78366   1.42892   1.64419   1.80539   0.68107   0.65805   1.78409   1.47711
   1.68279   1.72362   0.65935   0.67796   1.77416   1.91715   1.47964   1.48878
   0.66911   0.68065   1.79986   1.57100   1.49541   1.83636   0.65784   0.65323

     ELAPSED WALL CLOCK TIME :      0.16 SECONDS
     FULL COMPUTATION TIME :      0.04 SECONDS
 Process Info: 0.080u 0.028s 0:00.45 22.2%	0+0k 0+0io 0pf+0w
