 Timestamp: 2012-09-17-13-59-14-0000005BCC-linux
 User Info: xuwen, medusa
 *******************************************************************************
                         PM6 CALCULATION RESULTS
 *******************************************************************************
 *                             AMPAC Version 9.2.1
 *                                Presented by:
 *
 *                           Semichem, Inc.
 *                           www.semichem.com
 *
 *                  WARNING: YOUR LICENSE EXPIRES IN 27 DAYS!!
 *
 *  PM6      - THE PM6 HAMILTONIAN TO BE USED
 *  TRUSTE   - MINIMISE ENERGY USING TRUST REGION
 *  XYZ      - CARTESIAN COORDINATE SYSTEM TO BE USED
 *  GEO-OK   - OVERRIDE INTERATOMIC DISTANCE CHECK
 *  T=AUTO   - AUTOMATIC DETERMINATION OF ALLOWED TIME
 *  SINGLET  - IS THE REQUIRED SPIN MULTIPLICITY
 *******************************************************************************
 PM6 RHF SINGLET TRUSTE T=AUTO XYZ GEO-OK
  title
  comment
    ATOM    CHEMICAL   BOND LENGTH    BOND ANGLE    TWIST ANGLE
   NUMBER   SYMBOL     (ANGSTROMS)     (DEGREES)     (DEGREES)
    (I)                   NA:I          NB:NA:I      NC:NB:NA:I     NA    NB    NC
      1     O 
      2     H          0.96275                                       1
      3     H          0.97993        101.93363                      1     2
      4     O          1.86025        156.45334    -179.20438        3     1     2
      5     H          0.97163        129.03809     113.69523        4     3     1
      6     H          0.99630        120.20804    -110.71912        4     3     1
      7     O          1.66842        170.24504     164.57810        6     4     3
      8     H          0.99362        101.51840     -64.08542        7     6     4
      9     H          0.96672        156.61086     138.94103        7     6     4
     10     O          2.78689         72.04270     -13.42060        4     3     1
     11     H          0.98974         84.40307       8.77475       10     4     3
     12     H          0.98843         13.89026    -176.49918       10     4     3
     13     O          3.95171        148.13785      48.77743        8     7     6
     14     H          0.96437        157.71059      86.78379       13     8     7
     15     H          0.98638         98.25284     -63.48919       13     8     7
     16     O          1.71284        178.38303       6.99782       15    13     8
     17     H          0.98443        102.70743     -18.31485       16    15    13
     18     H          0.96500        155.72337     151.81908       16    15    13
     19     O          2.74138        107.85044    -110.67236       10     4     3
     20     H          0.97964          4.07031     135.86250       19    10     4
     21     H          0.96340        105.75837     157.81610       19    10     4
     22     O          1.65142        176.54947     -50.14734        8     7     6
     23     H          0.98783        113.22727      -7.59425       22     8     7
     24     H          0.98938        128.54271     115.96990       22     8     7

 CALCULATION TO BE RUN IN CARTESIAN COORDINATES.
   MOLECULAR POINT GROUP            SYMMETRY CRITERIA
            C1                          0.10000000

          SINGLET STATE CALCULATION

        **  REFERENCES TO PARAMETERS  **

 H  (PM6):  J. J. P. Stewart, J. Mol. Model 13 (12): 1173-1213 (Dec 2007).
 O  (PM6):  J. J. P. Stewart, J. Mol. Model 13 (12): 1173-1213 (Dec 2007).

          CARTESIAN COORDINATES
    NO.       ATOM               X         Y         Z
       1 O        0.00000000      0.00000000      0.00000000
       2 H        0.96275451      0.00000000      0.00000000
       3 H       -0.20262775      0.95874817      0.00000000
       4 O       -1.28228972      2.47359344      0.01031939
       5 H       -1.38113224      3.14995135      0.70085819
       6 H       -1.33614125      3.05628406     -0.79602248
       7 O       -1.65706657      4.14106122     -2.02235217
       8 H       -2.53345131      3.81124231     -2.35468858
       9 H       -1.45297289      4.79493980     -2.70450939
      10 O       -2.89165121      0.27543215     -0.57688292
      11 H       -2.08618605     -0.25273324     -0.34915066
      12 H       -2.52382605      1.17637246     -0.40363595
      13 O       -6.20985379      2.62711575     -1.51927254
      14 H       -7.15431613      2.70701655     -1.34144691
      15 H       -5.98377931      1.82513845     -0.99138286
      16 O       -5.54459971      0.44518864     -0.07668897
      17 H       -4.58100367      0.36158410     -0.25997573
      18 H       -5.67505426     -0.26074287      0.56818634
      19 O       -3.68222965      0.48776155     -3.19319544
      20 H       -3.38694390      0.34453407     -2.27016682
      21 H       -3.91595481     -0.40518265     -3.46918803
      22 O       -3.95039497      3.17202235     -2.91223132
      23 H       -3.86796318      2.22894818     -3.19441656
      24 H       -4.82431439      3.11504808     -2.45191483

 OPTIMIZATION ABORTED - NOTHING TO OPTIMIZE.  DOING 1SCF INSTEAD.

 PM6 RHF SINGLET TRUSTE T=AUTO XYZ GEO-OK
  title
  comment

     1SCF WAS SPECIFIED, SO NO OPTIMIZATION ATTEMPTED
     SCF FIELD WAS ACHIEVED

                              PM6 CALCULATION
                                                            VERSION 9.2.1

                                                       Sep-17-2012

          FINAL HEAT OF FORMATION =    -468.981584 kcal   
                                  =   -1962.218948 kJ   
          ELECTRONIC ENERGY       =  -10194.818112 eV
          CORE-CORE REPULSION     =    7640.700524 eV
          TOTAL ENERGY            =   -2554.117588 eV   
          IONIZATION POTENTIAL    =      11.445435 eV
          HOMO-LUMO GAP           =      13.894298 eV
          MOLECULAR POINT GROUP   = C1    0.100000
          NO. OF FILLED LEVELS    =      32 (OCC = 2)
          MOLECULAR WEIGHT        =     144.122
          SCF CALCULATIONS        =       1
          COMPUTATION TIME        =       0.04     SECONDS

    ATOM    CHEMICAL   BOND LENGTH    BOND ANGLE    TWIST ANGLE
   NUMBER   SYMBOL     (ANGSTROMS)     (DEGREES)     (DEGREES)
    (I)                   NA:I          NB:NA:I      NC:NB:NA:I     NA    NB    NC
      1     O 
      2     H          0.96275                                       1
      3     H          0.97993        101.93363                      1     2
      4     O          1.86025        156.45334    -179.20438        3     1     2
      5     H          0.97163        129.03809     113.69523        4     3     1
      6     H          0.99630        120.20804    -110.71912        4     3     1
      7     O          1.66842        170.24504     164.57810        6     4     3
      8     H          0.99362        101.51840     -64.08542        7     6     4
      9     H          0.96672        156.61086     138.94103        7     6     4
     10     O          2.78689         72.04270     -13.42060        4     3     1
     11     H          0.98974         84.40307       8.77475       10     4     3
     12     H          0.98843         13.89026    -176.49918       10     4     3
     13     O          3.95171        148.13785      48.77743        8     7     6
     14     H          0.96437        157.71059      86.78379       13     8     7
     15     H          0.98638         98.25284     -63.48919       13     8     7
     16     O          1.71284        178.38303       6.99782       15    13     8
     17     H          0.98443        102.70743     -18.31485       16    15    13
     18     H          0.96500        155.72337     151.81908       16    15    13
     19     O          2.74138        107.85044    -110.67236       10     4     3
     20     H          0.97964          4.07031     135.86250       19    10     4
     21     H          0.96340        105.75837     157.81610       19    10     4
     22     O          1.65142        176.54947     -50.14734        8     7     6
     23     H          0.98783        113.22727      -7.59425       22     8     7
     24     H          0.98938        128.54271     115.96990       22     8     7

   MOLECULAR POINT GROUP            SYMMETRY CRITERIA
            C1                          0.10000000

          RHF EIGENVALUES
 -31.08281 -30.49035 -30.18701 -30.11165 -29.92231 -29.63366 -29.59592 -28.87359
 -19.36480 -19.11351 -18.80395 -18.66769 -18.45358 -18.13362 -17.88014 -17.51804
 -15.85938 -15.59523 -15.36883 -14.78783 -14.39255 -14.21310 -14.06040 -13.32369
 -12.48624 -12.46547 -12.21827 -12.00054 -11.93606 -11.92374 -11.79117 -11.44544
   2.44886   3.26613   3.54071   3.83209   4.28192   4.55232   4.66263   5.39209
   5.44591   5.81048   5.88424   5.96969   6.07398   6.30481   6.49517   6.81203

          NET ATOMIC CHARGES AND DIPOLE CONTRIBUTIONS
         ATOM NO.   TYPE          CHARGE        ATOM ELECTRON DENSITY
       1 O           -0.6562          6.6562
       2 H            0.3163          0.6837
       3 H            0.3296          0.6704
       4 O           -0.6825          6.6825
       5 H            0.3272          0.6728
       6 H            0.3608          0.6392
       7 O           -0.7008          6.7008
       8 H            0.3566          0.6434
       9 H            0.3309          0.6691
      10 O           -0.6738          6.6738
      11 H            0.3534          0.6466
      12 H            0.3463          0.6537
      13 O           -0.6643          6.6643
      14 H            0.3206          0.6794
      15 H            0.3427          0.6573
      16 O           -0.6667          6.6667
      17 H            0.3393          0.6607
      18 H            0.3231          0.6769
      19 O           -0.6606          6.6606
      20 H            0.3309          0.6691
      21 H            0.3206          0.6794
      22 O           -0.6891          6.6891
      23 H            0.3437          0.6563
      24 H            0.3519          0.6481

 DIPOLE (DEBYE)   X         Y         Z       TOTAL
 POINT-CHG.     0.644    -1.126     2.023     2.403
 HYBRID         0.165    -0.193     0.408     0.480
 SUM            0.809    -1.319     2.430     2.881


          CARTESIAN COORDINATES
    NO.       ATOM               X         Y         Z
       1 O        0.00000000      0.00000000      0.00000000
       2 H        0.96275451      0.00000000      0.00000000
       3 H       -0.20262775      0.95874817      0.00000000
       4 O       -1.28228972      2.47359344      0.01031939
       5 H       -1.38113224      3.14995135      0.70085819
       6 H       -1.33614125      3.05628406     -0.79602248
       7 O       -1.65706657      4.14106122     -2.02235217
       8 H       -2.53345131      3.81124231     -2.35468858
       9 H       -1.45297289      4.79493980     -2.70450939
      10 O       -2.89165121      0.27543215     -0.57688292
      11 H       -2.08618605     -0.25273324     -0.34915066
      12 H       -2.52382605      1.17637246     -0.40363595
      13 O       -6.20985379      2.62711575     -1.51927254
      14 H       -7.15431613      2.70701655     -1.34144691
      15 H       -5.98377931      1.82513845     -0.99138286
      16 O       -5.54459971      0.44518864     -0.07668897
      17 H       -4.58100367      0.36158410     -0.25997573
      18 H       -5.67505426     -0.26074287      0.56818634
      19 O       -3.68222965      0.48776155     -3.19319544
      20 H       -3.38694390      0.34453407     -2.27016682
      21 H       -3.91595481     -0.40518265     -3.46918803
      22 O       -3.95039497      3.17202235     -2.91223132
      23 H       -3.86796318      2.22894818     -3.19441656
      24 H       -4.82431439      3.11504808     -2.45191483


          ATOMIC ORBITAL ELECTRON POPULATIONS
   1.78759   1.40904   1.45979   1.99976   0.68371   0.67039   1.79228   1.97292
   1.51592   1.40134   0.67277   0.63923   1.78137   1.58537   1.69142   1.64265
   0.64338   0.66911   1.79378   1.53604   1.41824   1.92571   0.64659   0.65370
   1.78203   1.42903   1.63954   1.81370   0.67938   0.65732   1.78083   1.47694
   1.67812   1.73080   0.66074   0.67694   1.78014   1.91992   1.47414   1.48643
   0.66908   0.67937   1.79396   1.56447   1.49678   1.83387   0.65631   0.64808

     ELAPSED WALL CLOCK TIME :      0.09 SECONDS
     FULL COMPUTATION TIME :      0.04 SECONDS
 Process Info: 0.088u 0.028s 0:00.25 40.0%	0+0k 0+0io 0pf+0w
