 Timestamp: 2012-09-17-13-59-45-0000005C8F-linux
 User Info: xuwen, medusa
 *******************************************************************************
                         PM6 CALCULATION RESULTS
 *******************************************************************************
 *                             AMPAC Version 9.2.1
 *                                Presented by:
 *
 *                           Semichem, Inc.
 *                           www.semichem.com
 *
 *                  WARNING: YOUR LICENSE EXPIRES IN 27 DAYS!!
 *
 *  PM6      - THE PM6 HAMILTONIAN TO BE USED
 *  TRUSTE   - MINIMISE ENERGY USING TRUST REGION
 *  XYZ      - CARTESIAN COORDINATE SYSTEM TO BE USED
 *  GEO-OK   - OVERRIDE INTERATOMIC DISTANCE CHECK
 *  T=AUTO   - AUTOMATIC DETERMINATION OF ALLOWED TIME
 *  SINGLET  - IS THE REQUIRED SPIN MULTIPLICITY
 *******************************************************************************
 PM6 RHF SINGLET TRUSTE T=AUTO XYZ GEO-OK
  title
  comment
    ATOM    CHEMICAL   BOND LENGTH    BOND ANGLE    TWIST ANGLE
   NUMBER   SYMBOL     (ANGSTROMS)     (DEGREES)     (DEGREES)
    (I)                   NA:I          NB:NA:I      NC:NB:NA:I     NA    NB    NC
      1     O 
      2     H          0.96275                                       1
      3     H          0.97993        101.93363                      1     2
      4     O          1.86023        156.45603    -179.20780        3     1     2
      5     H          0.97165        129.03865     113.68851        4     3     1
      6     H          0.99630        120.21027    -110.71480        4     3     1
      7     O          1.66838        170.24237     164.56580        6     4     3
      8     H          0.99362        101.52108     -64.07596        7     6     4
      9     H          0.96672        156.60774     138.95194        7     6     4
     10     O          2.78696         72.04128     -13.41672        4     3     1
     11     H          0.98974         84.40241       8.77325       10     4     3
     12     H          0.98843         13.89105    -176.50629       10     4     3
     13     O          3.95171        148.13785      48.77912        8     7     6
     14     H          0.96437        157.71059      86.78379       13     8     7
     15     H          0.98635         98.24747     -63.49027       13     8     7
     16     O          1.71287        178.39126       7.09445       15    13     8
     17     H          0.98443        102.70425     -18.41133       16    15    13
     18     H          0.96493        155.73084     151.71895       16    15    13
     19     O          2.74138        107.84953    -110.67358       10     4     3
     20     H          0.97964          4.07031     135.86116       19    10     4
     21     H          0.96340        105.75837     157.81475       19    10     4
     22     O          1.65142        176.54947     -50.14565        8     7     6
     23     H          0.98783        113.22727      -7.59425       22     8     7
     24     H          0.98938        128.54271     115.96990       22     8     7

 CALCULATION TO BE RUN IN CARTESIAN COORDINATES.
   MOLECULAR POINT GROUP            SYMMETRY CRITERIA
            C1                          0.10000000

          SINGLET STATE CALCULATION

        **  REFERENCES TO PARAMETERS  **

 H  (PM6):  J. J. P. Stewart, J. Mol. Model 13 (12): 1173-1213 (Dec 2007).
 O  (PM6):  J. J. P. Stewart, J. Mol. Model 13 (12): 1173-1213 (Dec 2007).

          CARTESIAN COORDINATES
    NO.       ATOM               X         Y         Z
       1 O        0.00000000      0.00000000      0.00000000
       2 H        0.96275451      0.00000000      0.00000000
       3 H       -0.20262775      0.95874817      0.00000000
       4 O       -1.28220736      2.47362716      0.01027378
       5 H       -1.38113224      3.14995135      0.70085819
       6 H       -1.33605890      3.05631778     -0.79606809
       7 O       -1.65706657      4.14106122     -2.02235217
       8 H       -2.53345131      3.81124231     -2.35468858
       9 H       -1.45297289      4.79493980     -2.70450939
      10 O       -2.89165121      0.27543215     -0.57688292
      11 H       -2.08618605     -0.25273324     -0.34915066
      12 H       -2.52382605      1.17637246     -0.40363595
      13 O       -6.20985379      2.62711575     -1.51927254
      14 H       -7.15431613      2.70701655     -1.34144691
      15 H       -5.98369695      1.82517217     -0.99142847
      16 O       -5.54459971      0.44518864     -0.07668897
      17 H       -4.58100367      0.36158410     -0.25997573
      18 H       -5.67497190     -0.26070915      0.56814073
      19 O       -3.68222965      0.48776155     -3.19319544
      20 H       -3.38694390      0.34453407     -2.27016682
      21 H       -3.91595481     -0.40518265     -3.46918803
      22 O       -3.95039497      3.17202235     -2.91223132
      23 H       -3.86796318      2.22894818     -3.19441656
      24 H       -4.82431439      3.11504808     -2.45191483

 OPTIMIZATION ABORTED - NOTHING TO OPTIMIZE.  DOING 1SCF INSTEAD.

 PM6 RHF SINGLET TRUSTE T=AUTO XYZ GEO-OK
  title
  comment

     1SCF WAS SPECIFIED, SO NO OPTIMIZATION ATTEMPTED
     SCF FIELD WAS ACHIEVED

                              PM6 CALCULATION
                                                            VERSION 9.2.1

                                                       Sep-17-2012

          FINAL HEAT OF FORMATION =    -468.982237 kcal   
                                  =   -1962.221681 kJ   
          ELECTRONIC ENERGY       =  -10194.819276 eV
          CORE-CORE REPULSION     =    7640.701660 eV
          TOTAL ENERGY            =   -2554.117616 eV   
          IONIZATION POTENTIAL    =      11.445491 eV
          HOMO-LUMO GAP           =      13.894367 eV
          MOLECULAR POINT GROUP   = C1    0.100000
          NO. OF FILLED LEVELS    =      32 (OCC = 2)
          MOLECULAR WEIGHT        =     144.122
          SCF CALCULATIONS        =       1
          COMPUTATION TIME        =       0.04     SECONDS

    ATOM    CHEMICAL   BOND LENGTH    BOND ANGLE    TWIST ANGLE
   NUMBER   SYMBOL     (ANGSTROMS)     (DEGREES)     (DEGREES)
    (I)                   NA:I          NB:NA:I      NC:NB:NA:I     NA    NB    NC
      1     O 
      2     H          0.96275                                       1
      3     H          0.97993        101.93363                      1     2
      4     O          1.86023        156.45603    -179.20780        3     1     2
      5     H          0.97165        129.03865     113.68851        4     3     1
      6     H          0.99630        120.21027    -110.71480        4     3     1
      7     O          1.66838        170.24237     164.56580        6     4     3
      8     H          0.99362        101.52108     -64.07596        7     6     4
      9     H          0.96672        156.60774     138.95194        7     6     4
     10     O          2.78696         72.04128     -13.41672        4     3     1
     11     H          0.98974         84.40241       8.77325       10     4     3
     12     H          0.98843         13.89105    -176.50629       10     4     3
     13     O          3.95171        148.13785      48.77912        8     7     6
     14     H          0.96437        157.71059      86.78379       13     8     7
     15     H          0.98635         98.24747     -63.49027       13     8     7
     16     O          1.71287        178.39126       7.09445       15    13     8
     17     H          0.98443        102.70425     -18.41133       16    15    13
     18     H          0.96493        155.73084     151.71895       16    15    13
     19     O          2.74138        107.84953    -110.67358       10     4     3
     20     H          0.97964          4.07031     135.86116       19    10     4
     21     H          0.96340        105.75837     157.81475       19    10     4
     22     O          1.65142        176.54947     -50.14565        8     7     6
     23     H          0.98783        113.22727      -7.59425       22     8     7
     24     H          0.98938        128.54271     115.96990       22     8     7

   MOLECULAR POINT GROUP            SYMMETRY CRITERIA
            C1                          0.10000000

          RHF EIGENVALUES
 -31.08289 -30.49053 -30.18706 -30.11189 -29.92238 -29.63398 -29.59588 -28.87364
 -19.36494 -19.11356 -18.80413 -18.66770 -18.45365 -18.13380 -17.88033 -17.51808
 -15.85936 -15.59534 -15.36878 -14.78785 -14.39260 -14.21308 -14.06039 -13.32371
 -12.48631 -12.46542 -12.21838 -12.00053 -11.93612 -11.92379 -11.79135 -11.44549
   2.44888   3.26623   3.54065   3.83217   4.28194   4.55227   4.66275   5.39207
   5.44577   5.81047   5.88422   5.96966   6.07407   6.30505   6.49512   6.81196

          NET ATOMIC CHARGES AND DIPOLE CONTRIBUTIONS
         ATOM NO.   TYPE          CHARGE        ATOM ELECTRON DENSITY
       1 O           -0.6562          6.6562
       2 H            0.3163          0.6837
       3 H            0.3296          0.6704
       4 O           -0.6825          6.6825
       5 H            0.3272          0.6728
       6 H            0.3608          0.6392
       7 O           -0.7008          6.7008
       8 H            0.3566          0.6434
       9 H            0.3309          0.6691
      10 O           -0.6738          6.6738
      11 H            0.3534          0.6466
      12 H            0.3463          0.6537
      13 O           -0.6643          6.6643
      14 H            0.3206          0.6794
      15 H            0.3427          0.6573
      16 O           -0.6667          6.6667
      17 H            0.3393          0.6607
      18 H            0.3230          0.6770
      19 O           -0.6606          6.6606
      20 H            0.3309          0.6691
      21 H            0.3206          0.6794
      22 O           -0.6891          6.6891
      23 H            0.3437          0.6563
      24 H            0.3519          0.6481

 DIPOLE (DEBYE)   X         Y         Z       TOTAL
 POINT-CHG.     0.644    -1.126     2.022     2.402
 HYBRID         0.165    -0.193     0.408     0.480
 SUM            0.809    -1.319     2.430     2.881


          CARTESIAN COORDINATES
    NO.       ATOM               X         Y         Z
       1 O        0.00000000      0.00000000      0.00000000
       2 H        0.96275451      0.00000000      0.00000000
       3 H       -0.20262775      0.95874817      0.00000000
       4 O       -1.28220736      2.47362716      0.01027378
       5 H       -1.38113224      3.14995135      0.70085819
       6 H       -1.33605890      3.05631778     -0.79606809
       7 O       -1.65706657      4.14106122     -2.02235217
       8 H       -2.53345131      3.81124231     -2.35468858
       9 H       -1.45297289      4.79493980     -2.70450939
      10 O       -2.89165121      0.27543215     -0.57688292
      11 H       -2.08618605     -0.25273324     -0.34915066
      12 H       -2.52382605      1.17637246     -0.40363595
      13 O       -6.20985379      2.62711575     -1.51927254
      14 H       -7.15431613      2.70701655     -1.34144691
      15 H       -5.98369695      1.82517217     -0.99142847
      16 O       -5.54459971      0.44518864     -0.07668897
      17 H       -4.58100367      0.36158410     -0.25997573
      18 H       -5.67497190     -0.26070915      0.56814073
      19 O       -3.68222965      0.48776155     -3.19319544
      20 H       -3.38694390      0.34453407     -2.27016682
      21 H       -3.91595481     -0.40518265     -3.46918803
      22 O       -3.95039497      3.17202235     -2.91223132
      23 H       -3.86796318      2.22894818     -3.19441656
      24 H       -4.82431439      3.11504808     -2.45191483


          ATOMIC ORBITAL ELECTRON POPULATIONS
   1.78759   1.40904   1.45979   1.99976   0.68371   0.67038   1.79228   1.97291
   1.51594   1.40134   0.67277   0.63922   1.78136   1.58537   1.69142   1.64265
   0.64338   0.66911   1.79378   1.53604   1.41824   1.92571   0.64658   0.65370
   1.78201   1.42903   1.63955   1.81372   0.67937   0.65733   1.78082   1.47694
   1.67812   1.73080   0.66075   0.67696   1.78014   1.91992   1.47414   1.48643
   0.66908   0.67937   1.79396   1.56447   1.49678   1.83387   0.65631   0.64808

     ELAPSED WALL CLOCK TIME :      0.11 SECONDS
     FULL COMPUTATION TIME :      0.04 SECONDS
 Process Info: 0.080u 0.040s 0:00.23 52.1%	0+0k 0+0io 0pf+0w
