 Timestamp: 2012-09-17-12-57-42-0000000712-linux
 User Info: xuwen, medusa
 *******************************************************************************
                         PM6 CALCULATION RESULTS
 *******************************************************************************
 *                             AMPAC Version 9.2.1
 *                                Presented by:
 *
 *                           Semichem, Inc.
 *                           www.semichem.com
 *
 *                  WARNING: YOUR LICENSE EXPIRES IN 27 DAYS!!
 *
 *  PM6      - THE PM6 HAMILTONIAN TO BE USED
 *  TRUSTE   - MINIMISE ENERGY USING TRUST REGION
 *  XYZ      - CARTESIAN COORDINATE SYSTEM TO BE USED
 *  GEO-OK   - OVERRIDE INTERATOMIC DISTANCE CHECK
 *  T=AUTO   - AUTOMATIC DETERMINATION OF ALLOWED TIME
 *  SINGLET  - IS THE REQUIRED SPIN MULTIPLICITY
 *******************************************************************************
 PM6 RHF SINGLET TRUSTE T=AUTO XYZ GEO-OK
  title
  comment
    ATOM    CHEMICAL   BOND LENGTH    BOND ANGLE    TWIST ANGLE
   NUMBER   SYMBOL     (ANGSTROMS)     (DEGREES)     (DEGREES)
    (I)                   NA:I          NB:NA:I      NC:NB:NA:I     NA    NB    NC
      1     O 
      2     H          0.96276                                       1
      3     H          0.97985        101.93311                      1     2
      4     O          1.78705        164.36110     167.58778        3     1     2
      5     H          0.97112        128.54309     118.92344        4     3     1
      6     H          0.99667        126.21124     -93.72929        4     3     1
      7     O          1.66767        170.26301     156.91905        6     4     3
      8     H          0.99473        101.50649     -64.54227        7     6     4
      9     H          0.96709        156.69360     138.69549        7     6     4
     10     O          2.59529         87.84896     164.58436        3     1     2
     11     H          0.98918         45.86658       3.13304       10     3     1
     12     H          0.98902         52.44389     178.41303       10     3     1
     13     O          3.95121        148.09742      48.79774        8     7     6
     14     H          0.96416        157.69504      86.77638       13     8     7
     15     H          0.98625         98.25674     -63.49966       13     8     7
     16     O          1.71299        178.39787       7.20270       15    13     8
     17     H          0.98478        102.70956     -18.49394       16    15    13
     18     H          0.96441        155.72100     151.59539       16    15    13
     19     O          2.74104        120.35783    -100.30039       10     3     1
     20     H          0.97929          4.06843      95.68707       19    10     3
     21     H          0.96295        105.73797     117.55610       19    10     3
     22     O          1.65072        176.54850     -49.47332        8     7     6
     23     H          0.98770        113.24097      -8.27008       22     8     7
     24     H          0.98953        128.55558     115.33880       22     8     7

 CALCULATION TO BE RUN IN CARTESIAN COORDINATES.
   MOLECULAR POINT GROUP            SYMMETRY CRITERIA
            C1                          0.10000000

          SINGLET STATE CALCULATION

        **  REFERENCES TO PARAMETERS  **

 H  (PM6):  J. J. P. Stewart, J. Mol. Model 13 (12): 1173-1213 (Dec 2007).
 O  (PM6):  J. J. P. Stewart, J. Mol. Model 13 (12): 1173-1213 (Dec 2007).

          CARTESIAN COORDINATES
    NO.       ATOM               X         Y         Z
       1 O        0.00000000      0.00000000      0.00000000
       2 H        0.96275594      0.00000000      0.00000000
       3 H       -0.20260275      0.95867259      0.00000000
       4 O       -1.01874625      2.54509647     -0.10354738
       5 H       -1.11736626      3.22104499      0.58669655
       6 H       -1.07368125      3.12742043     -0.91053558
       7 O       -1.39453515      4.21199522     -2.13604050
       8 H       -2.27186757      3.88167706     -2.46869458
       9 H       -1.19163222      4.86538064     -2.81955048
      10 O       -2.62858415      0.34641089     -0.68939095
      11 H       -1.82324297     -0.18100657     -0.46194555
      12 H       -2.26039945      1.24785028     -0.51614241
      13 O       -5.94721545      2.69790942     -1.63047912
      14 H       -6.89132803      2.77809654     -1.45207662
      15 H       -5.72086213      1.89613705     -1.10263990
      16 O       -5.28155142      0.51619726     -0.18769658
      17 H       -4.31764565      0.43246477     -0.37116469
      18 H       -5.41177757     -0.18899050      0.45715330
      19 O       -3.42067066      0.55782519     -3.30495723
      20 H       -3.12501006      0.41497314     -2.38235921
      21 H       -3.65418883     -0.33494303     -3.58012111
      22 O       -3.68846854      3.24229167     -3.02483215
      23 H       -3.60624314      2.29933479     -3.30700287
      24 H       -4.56238473      3.18556133     -2.56416724

 OPTIMIZATION ABORTED - NOTHING TO OPTIMIZE.  DOING 1SCF INSTEAD.

 PM6 RHF SINGLET TRUSTE T=AUTO XYZ GEO-OK
  title
  comment

     1SCF WAS SPECIFIED, SO NO OPTIMIZATION ATTEMPTED
     SCF FIELD WAS ACHIEVED

                              PM6 CALCULATION
                                                            VERSION 9.2.1

                                                       Sep-17-2012

          FINAL HEAT OF FORMATION =    -468.758185 kcal   
                                  =   -1961.284247 kJ   
          ELECTRONIC ENERGY       =  -10237.727021 eV
          CORE-CORE REPULSION     =    7683.619121 eV
          TOTAL ENERGY            =   -2554.107900 eV   
          IONIZATION POTENTIAL    =      11.452328 eV
          HOMO-LUMO GAP           =      13.814637 eV
          MOLECULAR POINT GROUP   = C1    0.100000
          NO. OF FILLED LEVELS    =      32 (OCC = 2)
          MOLECULAR WEIGHT        =     144.122
          SCF CALCULATIONS        =       1
          COMPUTATION TIME        =       0.03     SECONDS

    ATOM    CHEMICAL   BOND LENGTH    BOND ANGLE    TWIST ANGLE
   NUMBER   SYMBOL     (ANGSTROMS)     (DEGREES)     (DEGREES)
    (I)                   NA:I          NB:NA:I      NC:NB:NA:I     NA    NB    NC
      1     O 
      2     H          0.96276                                       1
      3     H          0.97985        101.93311                      1     2
      4     O          1.78705        164.36110     167.58778        3     1     2
      5     H          0.97112        128.54309     118.92344        4     3     1
      6     H          0.99667        126.21124     -93.72929        4     3     1
      7     O          1.66767        170.26301     156.91905        6     4     3
      8     H          0.99473        101.50649     -64.54227        7     6     4
      9     H          0.96709        156.69360     138.69549        7     6     4
     10     O          2.59529         87.84896     164.58436        3     1     2
     11     H          0.98918         45.86658       3.13304       10     3     1
     12     H          0.98902         52.44389     178.41303       10     3     1
     13     O          3.95121        148.09742      48.79774        8     7     6
     14     H          0.96416        157.69504      86.77638       13     8     7
     15     H          0.98625         98.25674     -63.49966       13     8     7
     16     O          1.71299        178.39787       7.20270       15    13     8
     17     H          0.98478        102.70956     -18.49394       16    15    13
     18     H          0.96441        155.72100     151.59539       16    15    13
     19     O          2.74104        120.35783    -100.30039       10     3     1
     20     H          0.97929          4.06843      95.68707       19    10     3
     21     H          0.96295        105.73797     117.55610       19    10     3
     22     O          1.65072        176.54850     -49.47332        8     7     6
     23     H          0.98770        113.24097      -8.27008       22     8     7
     24     H          0.98953        128.55558     115.33880       22     8     7

   MOLECULAR POINT GROUP            SYMMETRY CRITERIA
            C1                          0.10000000

          RHF EIGENVALUES
 -31.19952 -30.51216 -30.28165 -30.10256 -29.89007 -29.61613 -29.57377 -28.87607
 -19.43187 -19.15687 -18.92038 -18.74516 -18.45588 -18.14027 -17.89278 -17.51485
 -15.84188 -15.63343 -15.35652 -14.92259 -14.37136 -14.19753 -14.05945 -13.32621
 -12.55201 -12.45338 -12.19959 -12.15630 -11.93858 -11.92960 -11.78844 -11.45233
   2.36231   3.23828   3.49895   3.84495   4.28070   4.51236   4.71089   5.38150
   5.48535   5.74576   5.92279   5.99156   6.06995   6.31510   6.48198   6.80915

          NET ATOMIC CHARGES AND DIPOLE CONTRIBUTIONS
         ATOM NO.   TYPE          CHARGE        ATOM ELECTRON DENSITY
       1 O           -0.6616          6.6616
       2 H            0.3221          0.6779
       3 H            0.3315          0.6685
       4 O           -0.6851          6.6851
       5 H            0.3292          0.6708
       6 H            0.3643          0.6357
       7 O           -0.7014          6.7014
       8 H            0.3569          0.6431
       9 H            0.3314          0.6686
      10 O           -0.6793          6.6793
      11 H            0.3563          0.6437
      12 H            0.3438          0.6562
      13 O           -0.6646          6.6646
      14 H            0.3207          0.6793
      15 H            0.3429          0.6571
      16 O           -0.6677          6.6677
      17 H            0.3399          0.6601
      18 H            0.3231          0.6769
      19 O           -0.6613          6.6613
      20 H            0.3313          0.6687
      21 H            0.3207          0.6793
      22 O           -0.6894          6.6894
      23 H            0.3439          0.6561
      24 H            0.3522          0.6478

 DIPOLE (DEBYE)   X         Y         Z       TOTAL
 POINT-CHG.     0.741    -1.081     2.021     2.408
 HYBRID         0.160    -0.199     0.407     0.480
 SUM            0.901    -1.280     2.427     2.888


          CARTESIAN COORDINATES
    NO.       ATOM               X         Y         Z
       1 O        0.00000000      0.00000000      0.00000000
       2 H        0.96275594      0.00000000      0.00000000
       3 H       -0.20260275      0.95867259      0.00000000
       4 O       -1.01874625      2.54509647     -0.10354738
       5 H       -1.11736626      3.22104499      0.58669655
       6 H       -1.07368125      3.12742043     -0.91053558
       7 O       -1.39453515      4.21199522     -2.13604050
       8 H       -2.27186757      3.88167706     -2.46869458
       9 H       -1.19163222      4.86538064     -2.81955048
      10 O       -2.62858415      0.34641089     -0.68939095
      11 H       -1.82324297     -0.18100657     -0.46194555
      12 H       -2.26039945      1.24785028     -0.51614241
      13 O       -5.94721545      2.69790942     -1.63047912
      14 H       -6.89132803      2.77809654     -1.45207662
      15 H       -5.72086213      1.89613705     -1.10263990
      16 O       -5.28155142      0.51619726     -0.18769658
      17 H       -4.31764565      0.43246477     -0.37116469
      18 H       -5.41177757     -0.18899050      0.45715330
      19 O       -3.42067066      0.55782519     -3.30495723
      20 H       -3.12501006      0.41497314     -2.38235921
      21 H       -3.65418883     -0.33494303     -3.58012111
      22 O       -3.68846854      3.24229167     -3.02483215
      23 H       -3.60624314      2.29933479     -3.30700287
      24 H       -4.56238473      3.18556133     -2.56416724


          ATOMIC ORBITAL ELECTRON POPULATIONS
   1.78484   1.41282   1.46535   1.99863   0.67792   0.66850   1.78903   1.97446
   1.51767   1.40392   0.67084   0.63566   1.78176   1.58566   1.69189   1.64204
   0.64310   0.66857   1.79417   1.54160   1.41743   1.92606   0.64370   0.65620
   1.78182   1.42926   1.63986   1.81366   0.67935   0.65707   1.78064   1.47785
   1.67856   1.73062   0.66008   0.67690   1.77980   1.91985   1.47436   1.48728
   0.66865   0.67929   1.79384   1.56473   1.49705   1.83376   0.65611   0.64779

     ELAPSED WALL CLOCK TIME :      0.13 SECONDS
     FULL COMPUTATION TIME :      0.03 SECONDS
 Process Info: 0.072u 0.036s 0:00.27 37.0%	0+0k 0+0io 0pf+0w
