 Timestamp: 2012-09-17-13-52-37-00000051BF-linux
 User Info: xuwen, medusa
 *******************************************************************************
                         PM6 CALCULATION RESULTS
 *******************************************************************************
 *                             AMPAC Version 9.2.1
 *                                Presented by:
 *
 *                           Semichem, Inc.
 *                           www.semichem.com
 *
 *                  WARNING: YOUR LICENSE EXPIRES IN 27 DAYS!!
 *
 *  PM6      - THE PM6 HAMILTONIAN TO BE USED
 *  TRUSTE   - MINIMISE ENERGY USING TRUST REGION
 *  XYZ      - CARTESIAN COORDINATE SYSTEM TO BE USED
 *  GEO-OK   - OVERRIDE INTERATOMIC DISTANCE CHECK
 *  T=AUTO   - AUTOMATIC DETERMINATION OF ALLOWED TIME
 *  SINGLET  - IS THE REQUIRED SPIN MULTIPLICITY
 *******************************************************************************
 PM6 RHF SINGLET TRUSTE T=AUTO XYZ GEO-OK
  title
  comment
    ATOM    CHEMICAL   BOND LENGTH    BOND ANGLE    TWIST ANGLE
   NUMBER   SYMBOL     (ANGSTROMS)     (DEGREES)     (DEGREES)
    (I)                   NA:I          NB:NA:I      NC:NB:NA:I     NA    NB    NC
      1     O 
      2     H          0.96273                                       1
      3     H          0.97982        101.93739                      1     2
      4     O          1.86044        156.45136    -179.21780        3     1     2
      5     H          0.97116        129.01789     113.70966        4     3     1
      6     H          0.99661        120.22283    -110.62529        4     3     1
      7     O          1.66768        170.26000     165.03205        6     4     3
      8     H          0.99469        101.50538     -64.58520        7     6     4
      9     H          0.96719        156.69599     138.65723        7     6     4
     10     O          2.78733         72.04906     -13.37942        4     3     1
     11     H          0.98916         84.37615       8.76070       10     4     3
     12     H          0.98905         13.87844    -176.59719       10     4     3
     13     O          3.95128        148.09747      48.79712        8     7     6
     14     H          0.96412        157.69116      86.76758       13     8     7
     15     H          0.98623         98.25494     -63.49436       13     8     7
     16     O          1.71303        178.39985       7.05608       15    13     8
     17     H          0.98470        102.71115     -18.34341       16    15    13
     18     H          0.96435        155.71485     151.73474       16    15    13
     19     O          2.74104        107.85505    -110.68956       10     4     3
     20     H          0.97930          4.06779     135.89259       19    10     4
     21     H          0.96289        105.73890     157.80251       19    10     4
     22     O          1.65076        176.54569     -49.49139        8     7     6
     23     H          0.98761        113.23949      -8.24575       22     8     7
     24     H          0.98955        128.55040     115.35844       22     8     7

 CALCULATION TO BE RUN IN CARTESIAN COORDINATES.
   MOLECULAR POINT GROUP            SYMMETRY CRITERIA
            C1                          0.10000000

          SINGLET STATE CALCULATION

        **  REFERENCES TO PARAMETERS  **

 H  (PM6):  J. J. P. Stewart, J. Mol. Model 13 (12): 1173-1213 (Dec 2007).
 O  (PM6):  J. J. P. Stewart, J. Mol. Model 13 (12): 1173-1213 (Dec 2007).

          CARTESIAN COORDINATES
    NO.       ATOM               X         Y         Z
       1 O        0.00000000      0.00000000      0.00000000
       2 H        0.96272726      0.00000000      0.00000000
       3 H       -0.20266872      0.95863124      0.00000000
       4 O       -1.28259548      2.47352325      0.01014709
       5 H       -1.38124760      3.14944371      0.70047700
       6 H       -1.33758281      3.05581556     -0.79678628
       7 O       -1.65847860      4.14056876     -2.02213867
       8 H       -2.53578622      3.81029430     -2.35478593
       9 H       -1.45561377      4.79409580     -2.70566197
      10 O       -2.89243539      0.27482067     -0.57578335
      11 H       -2.08706295     -0.25255303     -0.34844348
      12 H       -2.52422079      1.17625870     -0.40245166
      13 O       -6.21113554      2.62632336     -1.51655724
      14 H       -7.15518373      2.70653480     -1.33806120
      15 H       -5.98471807      1.82455555     -0.98878221
      16 O       -5.54532284      0.44448806     -0.07401348
      17 H       -4.58147997      0.36083231     -0.25744483
      18 H       -5.67557350     -0.26068119      0.57076985
      19 O       -3.68462831      0.48642957     -3.19130110
      20 H       -3.38887660      0.34353121     -2.26873288
      21 H       -3.91805236     -0.40627193     -3.46654851
      22 O       -3.95240004      3.17087413     -2.91099573
      23 H       -3.87012808      2.22800878     -3.19316218
      24 H       -4.82629848      3.11409213     -2.45024766

 OPTIMIZATION ABORTED - NOTHING TO OPTIMIZE.  DOING 1SCF INSTEAD.

 PM6 RHF SINGLET TRUSTE T=AUTO XYZ GEO-OK
  title
  comment

     1SCF WAS SPECIFIED, SO NO OPTIMIZATION ATTEMPTED
     SCF FIELD WAS ACHIEVED

                              PM6 CALCULATION
                                                            VERSION 9.2.1

                                                       Sep-17-2012

          FINAL HEAT OF FORMATION =    -468.974448 kcal   
                                  =   -1962.189091 kJ   
          ELECTRONIC ENERGY       =  -10194.731171 eV
          CORE-CORE REPULSION     =    7640.613893 eV
          TOTAL ENERGY            =   -2554.117278 eV   
          IONIZATION POTENTIAL    =      11.448725 eV
          HOMO-LUMO GAP           =      13.897570 eV
          MOLECULAR POINT GROUP   = C1    0.100000
          NO. OF FILLED LEVELS    =      32 (OCC = 2)
          MOLECULAR WEIGHT        =     144.122
          SCF CALCULATIONS        =       1
          COMPUTATION TIME        =       0.04     SECONDS

    ATOM    CHEMICAL   BOND LENGTH    BOND ANGLE    TWIST ANGLE
   NUMBER   SYMBOL     (ANGSTROMS)     (DEGREES)     (DEGREES)
    (I)                   NA:I          NB:NA:I      NC:NB:NA:I     NA    NB    NC
      1     O 
      2     H          0.96273                                       1
      3     H          0.97982        101.93739                      1     2
      4     O          1.86044        156.45136    -179.21780        3     1     2
      5     H          0.97116        129.01789     113.70966        4     3     1
      6     H          0.99661        120.22283    -110.62529        4     3     1
      7     O          1.66768        170.26000     165.03205        6     4     3
      8     H          0.99469        101.50538     -64.58520        7     6     4
      9     H          0.96719        156.69599     138.65723        7     6     4
     10     O          2.78733         72.04906     -13.37942        4     3     1
     11     H          0.98916         84.37615       8.76070       10     4     3
     12     H          0.98905         13.87844    -176.59719       10     4     3
     13     O          3.95128        148.09747      48.79712        8     7     6
     14     H          0.96412        157.69116      86.76758       13     8     7
     15     H          0.98623         98.25494     -63.49436       13     8     7
     16     O          1.71303        178.39985       7.05608       15    13     8
     17     H          0.98470        102.71115     -18.34341       16    15    13
     18     H          0.96435        155.71485     151.73474       16    15    13
     19     O          2.74104        107.85505    -110.68956       10     4     3
     20     H          0.97930          4.06779     135.89259       19    10     4
     21     H          0.96289        105.73890     157.80251       19    10     4
     22     O          1.65076        176.54569     -49.49139        8     7     6
     23     H          0.98761        113.23949      -8.24575       22     8     7
     24     H          0.98955        128.55040     115.35844       22     8     7

   MOLECULAR POINT GROUP            SYMMETRY CRITERIA
            C1                          0.10000000

          RHF EIGENVALUES
 -31.08468 -30.49231 -30.18631 -30.11751 -29.92458 -29.63793 -29.59252 -28.87504
 -19.36642 -19.11360 -18.80658 -18.66841 -18.45197 -18.13377 -17.87676 -17.52068
 -15.86082 -15.59708 -15.36890 -14.78841 -14.39437 -14.21337 -14.06172 -13.32509
 -12.48672 -12.46600 -12.21949 -12.00011 -11.93839 -11.92056 -11.79375 -11.44872
   2.44885   3.26673   3.53853   3.83519   4.28154   4.55404   4.66395   5.38906
   5.44401   5.81103   5.88476   5.97113   6.07420   6.30547   6.48985   6.80911

          NET ATOMIC CHARGES AND DIPOLE CONTRIBUTIONS
         ATOM NO.   TYPE          CHARGE        ATOM ELECTRON DENSITY
       1 O           -0.6561          6.6561
       2 H            0.3163          0.6837
       3 H            0.3296          0.6704
       4 O           -0.6826          6.6826
       5 H            0.3272          0.6728
       6 H            0.3609          0.6391
       7 O           -0.7010          6.7010
       8 H            0.3567          0.6433
       9 H            0.3309          0.6691
      10 O           -0.6737          6.6737
      11 H            0.3532          0.6468
      12 H            0.3464          0.6536
      13 O           -0.6643          6.6643
      14 H            0.3206          0.6794
      15 H            0.3427          0.6573
      16 O           -0.6667          6.6667
      17 H            0.3394          0.6606
      18 H            0.3229          0.6771
      19 O           -0.6605          6.6605
      20 H            0.3309          0.6691
      21 H            0.3206          0.6794
      22 O           -0.6890          6.6890
      23 H            0.3437          0.6563
      24 H            0.3520          0.6480

 DIPOLE (DEBYE)   X         Y         Z       TOTAL
 POINT-CHG.     0.639    -1.121     2.017     2.394
 HYBRID         0.165    -0.194     0.409     0.482
 SUM            0.805    -1.315     2.426     2.874


          CARTESIAN COORDINATES
    NO.       ATOM               X         Y         Z
       1 O        0.00000000      0.00000000      0.00000000
       2 H        0.96272726      0.00000000      0.00000000
       3 H       -0.20266872      0.95863124      0.00000000
       4 O       -1.28259548      2.47352325      0.01014709
       5 H       -1.38124760      3.14944371      0.70047700
       6 H       -1.33758281      3.05581556     -0.79678628
       7 O       -1.65847860      4.14056876     -2.02213867
       8 H       -2.53578622      3.81029430     -2.35478593
       9 H       -1.45561377      4.79409580     -2.70566197
      10 O       -2.89243539      0.27482067     -0.57578335
      11 H       -2.08706295     -0.25255303     -0.34844348
      12 H       -2.52422079      1.17625870     -0.40245166
      13 O       -6.21113554      2.62632336     -1.51655724
      14 H       -7.15518373      2.70653480     -1.33806120
      15 H       -5.98471807      1.82455555     -0.98878221
      16 O       -5.54532284      0.44448806     -0.07401348
      17 H       -4.58147997      0.36083231     -0.25744483
      18 H       -5.67557350     -0.26068119      0.57076985
      19 O       -3.68462831      0.48642957     -3.19130110
      20 H       -3.38887660      0.34353121     -2.26873288
      21 H       -3.91805236     -0.40627193     -3.46654851
      22 O       -3.95240004      3.17087413     -2.91099573
      23 H       -3.87012808      2.22800878     -3.19316218
      24 H       -4.82629848      3.11409213     -2.45024766


          ATOMIC ORBITAL ELECTRON POPULATIONS
   1.78754   1.40904   1.45980   1.99976   0.68372   0.67041   1.79213   1.97284
   1.51634   1.40129   0.67283   0.63906   1.78207   1.58547   1.69167   1.64178
   0.64328   0.66911   1.79385   1.53572   1.41838   1.92580   0.64679   0.65357
   1.78183   1.42926   1.63965   1.81356   0.67938   0.65730   1.78067   1.47701
   1.67845   1.73056   0.66064   0.67707   1.77984   1.91978   1.47418   1.48671
   0.66913   0.67944   1.79387   1.56464   1.49683   1.83369   0.65632   0.64796

     ELAPSED WALL CLOCK TIME :      0.14 SECONDS
     FULL COMPUTATION TIME :      0.05 SECONDS
 Process Info: 0.080u 0.040s 0:00.31 38.7%	0+0k 0+0io 0pf+0w
